[2024-06-05T20:59:29.044+0200] {processor.py:161} INFO - Started process (PID=6181) to work on /home/louis/GamingDataPipeline/airflow_venv/lib/python3.10/site-packages/airflow/example_dags/example_branch_labels.py
[2024-06-05T20:59:29.054+0200] {processor.py:830} INFO - Processing file /home/louis/GamingDataPipeline/airflow_venv/lib/python3.10/site-packages/airflow/example_dags/example_branch_labels.py for tasks to queue
[2024-06-05T20:59:29.070+0200] {logging_mixin.py:188} INFO - [2024-06-05T20:59:29.068+0200] {dagbag.py:540} INFO - Filling up the DagBag from /home/louis/GamingDataPipeline/airflow_venv/lib/python3.10/site-packages/airflow/example_dags/example_branch_labels.py
[2024-06-05T20:59:29.251+0200] {processor.py:840} INFO - DAG(s) 'example_branch_labels' retrieved from /home/louis/GamingDataPipeline/airflow_venv/lib/python3.10/site-packages/airflow/example_dags/example_branch_labels.py
[2024-06-05T20:59:29.927+0200] {logging_mixin.py:188} INFO - [2024-06-05T20:59:29.923+0200] {dag.py:3096} INFO - Sync 1 DAGs
[2024-06-05T20:59:31.335+0200] {logging_mixin.py:188} WARNING - Exception ignored in: <function _collection_gced at 0x7f6faa57b490>
[2024-06-05T20:59:31.338+0200] {logging_mixin.py:188} WARNING - Traceback (most recent call last):
[2024-06-05T20:59:31.339+0200] {logging_mixin.py:188} WARNING -   File "/home/louis/GamingDataPipeline/airflow_venv/lib/python3.10/site-packages/sqlalchemy/event/registry.py", line 53, in _collection_gced
[2024-06-05T20:59:31.340+0200] {logging_mixin.py:188} WARNING -     def _collection_gced(ref):
[2024-06-05T20:59:31.340+0200] {logging_mixin.py:188} WARNING -   File "/home/louis/GamingDataPipeline/airflow_venv/lib/python3.10/site-packages/airflow/dag_processing/manager.py", line 453, in _exit_gracefully
[2024-06-05T20:59:31.340+0200] {logging_mixin.py:188} WARNING -     self.log.debug("Current Stacktrace is: %s", "\n".join(map(str, inspect.stack())))
[2024-06-05T20:59:31.341+0200] {logging_mixin.py:188} WARNING -   File "/usr/lib/python3.10/inspect.py", line 1673, in stack
[2024-06-05T20:59:31.341+0200] {logging_mixin.py:188} WARNING -     return getouterframes(sys._getframe(1), context)
[2024-06-05T20:59:31.342+0200] {logging_mixin.py:188} WARNING -   File "/usr/lib/python3.10/inspect.py", line 1650, in getouterframes
[2024-06-05T20:59:31.343+0200] {logging_mixin.py:188} WARNING -     frameinfo = (frame,) + getframeinfo(frame, context)
[2024-06-05T20:59:31.343+0200] {logging_mixin.py:188} WARNING -   File "/usr/lib/python3.10/inspect.py", line 1624, in getframeinfo
[2024-06-05T20:59:31.344+0200] {logging_mixin.py:188} WARNING -     lines, lnum = findsource(frame)
[2024-06-05T20:59:31.345+0200] {logging_mixin.py:188} WARNING -   File "/usr/lib/python3.10/inspect.py", line 954, in findsource
[2024-06-05T20:59:31.345+0200] {logging_mixin.py:188} WARNING -     lines = linecache.getlines(file, module.__dict__)
[2024-06-05T20:59:31.346+0200] {logging_mixin.py:188} WARNING -   File "/usr/lib/python3.10/linecache.py", line 46, in getlines
[2024-06-05T20:59:31.346+0200] {logging_mixin.py:188} WARNING -     return updatecache(filename, module_globals)
[2024-06-05T20:59:31.346+0200] {logging_mixin.py:188} WARNING -   File "/usr/lib/python3.10/linecache.py", line 136, in updatecache
[2024-06-05T20:59:31.347+0200] {logging_mixin.py:188} WARNING -     with tokenize.open(fullname) as fp:
[2024-06-05T20:59:31.347+0200] {logging_mixin.py:188} WARNING -   File "/usr/lib/python3.10/tokenize.py", line 396, in open
[2024-06-05T20:59:31.347+0200] {logging_mixin.py:188} WARNING -     encoding, lines = detect_encoding(buffer.readline)
[2024-06-05T20:59:31.359+0200] {logging_mixin.py:188} WARNING -   File "/usr/lib/python3.10/tokenize.py", line 365, in detect_encoding
[2024-06-05T20:59:31.360+0200] {logging_mixin.py:188} WARNING -     first = read_or_stop()
[2024-06-05T20:59:31.360+0200] {logging_mixin.py:188} WARNING -   File "/usr/lib/python3.10/tokenize.py", line 323, in read_or_stop
[2024-06-05T20:59:31.361+0200] {logging_mixin.py:188} WARNING -     return readline()
[2024-06-05T20:59:31.361+0200] {logging_mixin.py:188} WARNING -   File "/home/louis/GamingDataPipeline/airflow_venv/lib/python3.10/site-packages/airflow/dag_processing/manager.py", line 457, in _exit_gracefully
[2024-06-05T20:59:31.362+0200] {logging_mixin.py:188} WARNING -     sys.exit(os.EX_OK)
[2024-06-05T20:59:31.362+0200] {logging_mixin.py:188} WARNING - SystemExit: 0
[2024-06-05T20:59:31.389+0200] {logging_mixin.py:188} INFO - [2024-06-05T20:59:31.388+0200] {dag.py:3954} INFO - Setting next_dagrun for example_branch_labels to 2024-06-04 00:00:00+00:00, run_after=2024-06-05 00:00:00+00:00
[2024-06-05T20:59:31.518+0200] {processor.py:183} INFO - Processing /home/louis/GamingDataPipeline/airflow_venv/lib/python3.10/site-packages/airflow/example_dags/example_branch_labels.py took 2.566 seconds
