[2024-06-11T02:26:53.548+0200] {manager.py:470} INFO - Processing files using up to 1 processes at a time 
[2024-06-11T02:26:53.548+0200] {manager.py:471} INFO - Process each file at most once every 30 seconds
[2024-06-11T02:26:53.549+0200] {manager.py:472} INFO - Checking for new files in /home/louis/GamingDataPipeline/dags every 300 seconds
[2024-06-11T02:26:53.549+0200] {manager.py:737} INFO - Searching for files in /home/louis/GamingDataPipeline/dags
[2024-06-11T02:26:53.551+0200] {manager.py:740} INFO - There are 1 files in /home/louis/GamingDataPipeline/dags
[2024-06-11T02:26:53.824+0200] {manager.py:878} INFO - 
================================================================================
DAG File Processing Stats

File Path                                       PID    Runtime      # DAGs    # Errors  Last Runtime    Last Run
----------------------------------------------  -----  ---------  --------  ----------  --------------  -------------------
/home/louis/GamingDataPipeline/dags/etl_dag.py                           1           0  0.21s           2024-06-11T00:26:53
================================================================================
[2024-06-11T02:27:25.059+0200] {manager.py:878} INFO - 
================================================================================
DAG File Processing Stats

File Path                                       PID    Runtime      # DAGs    # Errors  Last Runtime    Last Run
----------------------------------------------  -----  ---------  --------  ----------  --------------  -------------------
/home/louis/GamingDataPipeline/dags/etl_dag.py                           1           0  1.11s           2024-06-11T00:27:25
================================================================================
[2024-06-11T02:27:55.729+0200] {manager.py:878} INFO - 
================================================================================
DAG File Processing Stats

File Path                                       PID    Runtime      # DAGs    # Errors  Last Runtime    Last Run
----------------------------------------------  -----  ---------  --------  ----------  --------------  -------------------
/home/louis/GamingDataPipeline/dags/etl_dag.py                           1           0  0.31s           2024-06-11T00:27:55
================================================================================
[2024-06-11T02:28:26.451+0200] {manager.py:878} INFO - 
================================================================================
DAG File Processing Stats

File Path                                       PID    Runtime      # DAGs    # Errors  Last Runtime    Last Run
----------------------------------------------  -----  ---------  --------  ----------  --------------  -------------------
/home/louis/GamingDataPipeline/dags/etl_dag.py                           1           0  0.31s           2024-06-11T00:28:26
================================================================================
[2024-06-11T02:28:57.176+0200] {manager.py:878} INFO - 
================================================================================
DAG File Processing Stats

File Path                                       PID    Runtime      # DAGs    # Errors  Last Runtime    Last Run
----------------------------------------------  -----  ---------  --------  ----------  --------------  -------------------
/home/louis/GamingDataPipeline/dags/etl_dag.py                           1           0  0.31s           2024-06-11T00:28:57
================================================================================
[2024-06-11T02:29:27.883+0200] {manager.py:878} INFO - 
================================================================================
DAG File Processing Stats

File Path                                       PID    Runtime      # DAGs    # Errors  Last Runtime    Last Run
----------------------------------------------  -----  ---------  --------  ----------  --------------  -------------------
/home/louis/GamingDataPipeline/dags/etl_dag.py                           1           0  0.41s           2024-06-11T00:29:27
================================================================================
[2024-06-11T02:30:01.598+0200] {manager.py:878} INFO - 
================================================================================
DAG File Processing Stats

File Path                                       PID    Runtime      # DAGs    # Errors  Last Runtime    Last Run
----------------------------------------------  -----  ---------  --------  ----------  --------------  -------------------
/home/louis/GamingDataPipeline/dags/etl_dag.py                           1           0  0.21s           2024-06-11T00:30:01
================================================================================
[2024-06-11T02:30:23.066+0200] {manager.py:452} INFO - Exiting gracefully upon receiving signal 15
