[2024-06-05T21:01:38.443+0200] {processor.py:161} INFO - Started process (PID=7262) to work on /home/louis/GamingDataPipeline/dags/etl_dag.py
[2024-06-05T21:01:38.449+0200] {processor.py:830} INFO - Processing file /home/louis/GamingDataPipeline/dags/etl_dag.py for tasks to queue
[2024-06-05T21:01:38.475+0200] {logging_mixin.py:188} INFO - [2024-06-05T21:01:38.474+0200] {dagbag.py:540} INFO - Filling up the DagBag from /home/louis/GamingDataPipeline/dags/etl_dag.py
[2024-06-05T21:01:38.774+0200] {processor.py:840} INFO - DAG(s) 'fetch_top_games' retrieved from /home/louis/GamingDataPipeline/dags/etl_dag.py
[2024-06-05T21:01:38.796+0200] {logging_mixin.py:188} INFO - [2024-06-05T21:01:38.795+0200] {dag.py:3096} INFO - Sync 1 DAGs
[2024-06-05T21:01:39.035+0200] {logging_mixin.py:188} INFO - [2024-06-05T21:01:39.035+0200] {dag.py:3954} INFO - Setting next_dagrun for fetch_top_games to 2024-06-04 00:00:00+00:00, run_after=2024-06-05 00:00:00+00:00
[2024-06-05T21:01:39.210+0200] {processor.py:183} INFO - Processing /home/louis/GamingDataPipeline/dags/etl_dag.py took 0.789 seconds
[2024-06-05T21:02:09.741+0200] {processor.py:161} INFO - Started process (PID=7803) to work on /home/louis/GamingDataPipeline/dags/etl_dag.py
[2024-06-05T21:02:09.749+0200] {processor.py:830} INFO - Processing file /home/louis/GamingDataPipeline/dags/etl_dag.py for tasks to queue
[2024-06-05T21:02:09.759+0200] {logging_mixin.py:188} INFO - [2024-06-05T21:02:09.757+0200] {dagbag.py:540} INFO - Filling up the DagBag from /home/louis/GamingDataPipeline/dags/etl_dag.py
[2024-06-05T21:02:09.903+0200] {processor.py:840} INFO - DAG(s) 'fetch_top_games' retrieved from /home/louis/GamingDataPipeline/dags/etl_dag.py
[2024-06-05T21:02:10.052+0200] {logging_mixin.py:188} INFO - [2024-06-05T21:02:10.051+0200] {dag.py:3096} INFO - Sync 1 DAGs
[2024-06-05T21:02:10.253+0200] {logging_mixin.py:188} INFO - [2024-06-05T21:02:10.252+0200] {dag.py:3954} INFO - Setting next_dagrun for fetch_top_games to 2024-06-04 00:00:00+00:00, run_after=2024-06-05 00:00:00+00:00
[2024-06-05T21:02:10.291+0200] {processor.py:183} INFO - Processing /home/louis/GamingDataPipeline/dags/etl_dag.py took 0.580 seconds
[2024-06-05T21:02:41.221+0200] {processor.py:161} INFO - Started process (PID=8163) to work on /home/louis/GamingDataPipeline/dags/etl_dag.py
[2024-06-05T21:02:41.228+0200] {processor.py:830} INFO - Processing file /home/louis/GamingDataPipeline/dags/etl_dag.py for tasks to queue
[2024-06-05T21:02:41.234+0200] {logging_mixin.py:188} INFO - [2024-06-05T21:02:41.233+0200] {dagbag.py:540} INFO - Filling up the DagBag from /home/louis/GamingDataPipeline/dags/etl_dag.py
[2024-06-05T21:02:41.318+0200] {processor.py:840} INFO - DAG(s) 'fetch_top_games' retrieved from /home/louis/GamingDataPipeline/dags/etl_dag.py
[2024-06-05T21:02:41.340+0200] {logging_mixin.py:188} INFO - [2024-06-05T21:02:41.339+0200] {dag.py:3096} INFO - Sync 1 DAGs
[2024-06-05T21:02:41.359+0200] {logging_mixin.py:188} INFO - [2024-06-05T21:02:41.359+0200] {dag.py:3954} INFO - Setting next_dagrun for fetch_top_games to 2024-06-04 00:00:00+00:00, run_after=2024-06-05 00:00:00+00:00
[2024-06-05T21:02:41.388+0200] {processor.py:183} INFO - Processing /home/louis/GamingDataPipeline/dags/etl_dag.py took 0.185 seconds
[2024-06-05T21:03:11.713+0200] {processor.py:161} INFO - Started process (PID=8481) to work on /home/louis/GamingDataPipeline/dags/etl_dag.py
[2024-06-05T21:03:11.719+0200] {processor.py:830} INFO - Processing file /home/louis/GamingDataPipeline/dags/etl_dag.py for tasks to queue
[2024-06-05T21:03:11.723+0200] {logging_mixin.py:188} INFO - [2024-06-05T21:03:11.722+0200] {dagbag.py:540} INFO - Filling up the DagBag from /home/louis/GamingDataPipeline/dags/etl_dag.py
[2024-06-05T21:03:11.856+0200] {processor.py:840} INFO - DAG(s) 'fetch_top_games' retrieved from /home/louis/GamingDataPipeline/dags/etl_dag.py
[2024-06-05T21:03:11.886+0200] {logging_mixin.py:188} INFO - [2024-06-05T21:03:11.886+0200] {dag.py:3096} INFO - Sync 1 DAGs
[2024-06-05T21:03:11.914+0200] {logging_mixin.py:188} INFO - [2024-06-05T21:03:11.914+0200] {dag.py:3954} INFO - Setting next_dagrun for fetch_top_games to 2024-06-04 00:00:00+00:00, run_after=2024-06-05 00:00:00+00:00
[2024-06-05T21:03:11.958+0200] {processor.py:183} INFO - Processing /home/louis/GamingDataPipeline/dags/etl_dag.py took 0.271 seconds
[2024-06-05T21:03:42.228+0200] {processor.py:161} INFO - Started process (PID=8986) to work on /home/louis/GamingDataPipeline/dags/etl_dag.py
[2024-06-05T21:03:42.239+0200] {processor.py:830} INFO - Processing file /home/louis/GamingDataPipeline/dags/etl_dag.py for tasks to queue
[2024-06-05T21:03:42.243+0200] {logging_mixin.py:188} INFO - [2024-06-05T21:03:42.242+0200] {dagbag.py:540} INFO - Filling up the DagBag from /home/louis/GamingDataPipeline/dags/etl_dag.py
[2024-06-05T21:03:42.321+0200] {processor.py:840} INFO - DAG(s) 'fetch_top_games' retrieved from /home/louis/GamingDataPipeline/dags/etl_dag.py
[2024-06-05T21:03:42.343+0200] {logging_mixin.py:188} INFO - [2024-06-05T21:03:42.343+0200] {dag.py:3096} INFO - Sync 1 DAGs
[2024-06-05T21:03:42.363+0200] {logging_mixin.py:188} INFO - [2024-06-05T21:03:42.363+0200] {dag.py:3954} INFO - Setting next_dagrun for fetch_top_games to 2024-06-05 00:00:00+00:00, run_after=2024-06-06 00:00:00+00:00
[2024-06-05T21:03:42.477+0200] {processor.py:183} INFO - Processing /home/louis/GamingDataPipeline/dags/etl_dag.py took 0.285 seconds
[2024-06-05T21:04:12.733+0200] {processor.py:161} INFO - Started process (PID=9404) to work on /home/louis/GamingDataPipeline/dags/etl_dag.py
[2024-06-05T21:04:12.740+0200] {processor.py:830} INFO - Processing file /home/louis/GamingDataPipeline/dags/etl_dag.py for tasks to queue
[2024-06-05T21:04:12.745+0200] {logging_mixin.py:188} INFO - [2024-06-05T21:04:12.743+0200] {dagbag.py:540} INFO - Filling up the DagBag from /home/louis/GamingDataPipeline/dags/etl_dag.py
[2024-06-05T21:04:12.901+0200] {processor.py:840} INFO - DAG(s) 'fetch_top_games' retrieved from /home/louis/GamingDataPipeline/dags/etl_dag.py
[2024-06-05T21:04:12.941+0200] {logging_mixin.py:188} INFO - [2024-06-05T21:04:12.941+0200] {dag.py:3096} INFO - Sync 1 DAGs
[2024-06-05T21:04:12.963+0200] {logging_mixin.py:188} INFO - [2024-06-05T21:04:12.963+0200] {dag.py:3954} INFO - Setting next_dagrun for fetch_top_games to 2024-06-05 00:00:00+00:00, run_after=2024-06-06 00:00:00+00:00
[2024-06-05T21:04:13.006+0200] {processor.py:183} INFO - Processing /home/louis/GamingDataPipeline/dags/etl_dag.py took 0.290 seconds
[2024-06-05T21:04:43.707+0200] {processor.py:161} INFO - Started process (PID=9867) to work on /home/louis/GamingDataPipeline/dags/etl_dag.py
[2024-06-05T21:04:43.716+0200] {processor.py:830} INFO - Processing file /home/louis/GamingDataPipeline/dags/etl_dag.py for tasks to queue
[2024-06-05T21:04:43.724+0200] {logging_mixin.py:188} INFO - [2024-06-05T21:04:43.723+0200] {dagbag.py:540} INFO - Filling up the DagBag from /home/louis/GamingDataPipeline/dags/etl_dag.py
[2024-06-05T21:04:43.874+0200] {processor.py:840} INFO - DAG(s) 'fetch_top_games' retrieved from /home/louis/GamingDataPipeline/dags/etl_dag.py
[2024-06-05T21:04:43.920+0200] {logging_mixin.py:188} INFO - [2024-06-05T21:04:43.919+0200] {dag.py:3096} INFO - Sync 1 DAGs
[2024-06-05T21:04:43.961+0200] {logging_mixin.py:188} INFO - [2024-06-05T21:04:43.960+0200] {dag.py:3954} INFO - Setting next_dagrun for fetch_top_games to 2024-06-05 00:00:00+00:00, run_after=2024-06-06 00:00:00+00:00
[2024-06-05T21:04:43.990+0200] {processor.py:183} INFO - Processing /home/louis/GamingDataPipeline/dags/etl_dag.py took 0.333 seconds
[2024-06-05T21:05:14.247+0200] {processor.py:161} INFO - Started process (PID=10308) to work on /home/louis/GamingDataPipeline/dags/etl_dag.py
[2024-06-05T21:05:14.249+0200] {processor.py:830} INFO - Processing file /home/louis/GamingDataPipeline/dags/etl_dag.py for tasks to queue
[2024-06-05T21:05:14.251+0200] {logging_mixin.py:188} INFO - [2024-06-05T21:05:14.251+0200] {dagbag.py:540} INFO - Filling up the DagBag from /home/louis/GamingDataPipeline/dags/etl_dag.py
[2024-06-05T21:05:14.381+0200] {processor.py:840} INFO - DAG(s) 'fetch_top_games' retrieved from /home/louis/GamingDataPipeline/dags/etl_dag.py
[2024-06-05T21:05:14.424+0200] {logging_mixin.py:188} INFO - [2024-06-05T21:05:14.424+0200] {dag.py:3096} INFO - Sync 1 DAGs
[2024-06-05T21:05:14.451+0200] {logging_mixin.py:188} INFO - [2024-06-05T21:05:14.451+0200] {dag.py:3954} INFO - Setting next_dagrun for fetch_top_games to 2024-06-05 00:00:00+00:00, run_after=2024-06-06 00:00:00+00:00
[2024-06-05T21:05:14.482+0200] {processor.py:183} INFO - Processing /home/louis/GamingDataPipeline/dags/etl_dag.py took 0.245 seconds
[2024-06-05T21:05:44.747+0200] {processor.py:161} INFO - Started process (PID=10579) to work on /home/louis/GamingDataPipeline/dags/etl_dag.py
[2024-06-05T21:05:44.757+0200] {processor.py:830} INFO - Processing file /home/louis/GamingDataPipeline/dags/etl_dag.py for tasks to queue
[2024-06-05T21:05:44.760+0200] {logging_mixin.py:188} INFO - [2024-06-05T21:05:44.760+0200] {dagbag.py:540} INFO - Filling up the DagBag from /home/louis/GamingDataPipeline/dags/etl_dag.py
[2024-06-05T21:05:44.836+0200] {processor.py:840} INFO - DAG(s) 'fetch_top_games' retrieved from /home/louis/GamingDataPipeline/dags/etl_dag.py
[2024-06-05T21:05:44.861+0200] {logging_mixin.py:188} INFO - [2024-06-05T21:05:44.861+0200] {dag.py:3096} INFO - Sync 1 DAGs
[2024-06-05T21:05:44.885+0200] {logging_mixin.py:188} INFO - [2024-06-05T21:05:44.885+0200] {dag.py:3954} INFO - Setting next_dagrun for fetch_top_games to 2024-06-05 00:00:00+00:00, run_after=2024-06-06 00:00:00+00:00
[2024-06-05T21:05:44.940+0200] {processor.py:183} INFO - Processing /home/louis/GamingDataPipeline/dags/etl_dag.py took 0.211 seconds
[2024-06-05T21:06:15.236+0200] {processor.py:161} INFO - Started process (PID=10751) to work on /home/louis/GamingDataPipeline/dags/etl_dag.py
[2024-06-05T21:06:15.239+0200] {processor.py:830} INFO - Processing file /home/louis/GamingDataPipeline/dags/etl_dag.py for tasks to queue
[2024-06-05T21:06:15.242+0200] {logging_mixin.py:188} INFO - [2024-06-05T21:06:15.241+0200] {dagbag.py:540} INFO - Filling up the DagBag from /home/louis/GamingDataPipeline/dags/etl_dag.py
[2024-06-05T21:06:15.332+0200] {processor.py:840} INFO - DAG(s) 'fetch_top_games' retrieved from /home/louis/GamingDataPipeline/dags/etl_dag.py
[2024-06-05T21:06:15.354+0200] {logging_mixin.py:188} INFO - [2024-06-05T21:06:15.354+0200] {dag.py:3096} INFO - Sync 1 DAGs
[2024-06-05T21:06:15.374+0200] {logging_mixin.py:188} INFO - [2024-06-05T21:06:15.374+0200] {dag.py:3954} INFO - Setting next_dagrun for fetch_top_games to 2024-06-05 00:00:00+00:00, run_after=2024-06-06 00:00:00+00:00
[2024-06-05T21:06:15.674+0200] {processor.py:183} INFO - Processing /home/louis/GamingDataPipeline/dags/etl_dag.py took 0.450 seconds
[2024-06-05T21:06:45.901+0200] {processor.py:161} INFO - Started process (PID=10970) to work on /home/louis/GamingDataPipeline/dags/etl_dag.py
[2024-06-05T21:06:45.903+0200] {processor.py:830} INFO - Processing file /home/louis/GamingDataPipeline/dags/etl_dag.py for tasks to queue
[2024-06-05T21:06:45.905+0200] {logging_mixin.py:188} INFO - [2024-06-05T21:06:45.905+0200] {dagbag.py:540} INFO - Filling up the DagBag from /home/louis/GamingDataPipeline/dags/etl_dag.py
[2024-06-05T21:06:45.972+0200] {processor.py:840} INFO - DAG(s) 'fetch_top_games' retrieved from /home/louis/GamingDataPipeline/dags/etl_dag.py
[2024-06-05T21:06:45.993+0200] {logging_mixin.py:188} INFO - [2024-06-05T21:06:45.993+0200] {dag.py:3096} INFO - Sync 1 DAGs
[2024-06-05T21:06:46.152+0200] {logging_mixin.py:188} INFO - [2024-06-05T21:06:46.152+0200] {dag.py:3954} INFO - Setting next_dagrun for fetch_top_games to 2024-06-05 00:00:00+00:00, run_after=2024-06-06 00:00:00+00:00
[2024-06-05T21:06:46.187+0200] {processor.py:183} INFO - Processing /home/louis/GamingDataPipeline/dags/etl_dag.py took 0.299 seconds
[2024-06-05T21:07:16.349+0200] {processor.py:161} INFO - Started process (PID=11426) to work on /home/louis/GamingDataPipeline/dags/etl_dag.py
[2024-06-05T21:07:16.360+0200] {processor.py:830} INFO - Processing file /home/louis/GamingDataPipeline/dags/etl_dag.py for tasks to queue
[2024-06-05T21:07:16.372+0200] {logging_mixin.py:188} INFO - [2024-06-05T21:07:16.369+0200] {dagbag.py:540} INFO - Filling up the DagBag from /home/louis/GamingDataPipeline/dags/etl_dag.py
[2024-06-05T21:07:16.536+0200] {processor.py:840} INFO - DAG(s) 'fetch_top_games' retrieved from /home/louis/GamingDataPipeline/dags/etl_dag.py
[2024-06-05T21:07:16.563+0200] {logging_mixin.py:188} INFO - [2024-06-05T21:07:16.562+0200] {dag.py:3096} INFO - Sync 1 DAGs
[2024-06-05T21:07:16.703+0200] {logging_mixin.py:188} INFO - [2024-06-05T21:07:16.703+0200] {dag.py:3954} INFO - Setting next_dagrun for fetch_top_games to 2024-06-05 00:00:00+00:00, run_after=2024-06-06 00:00:00+00:00
[2024-06-05T21:07:16.748+0200] {processor.py:183} INFO - Processing /home/louis/GamingDataPipeline/dags/etl_dag.py took 0.436 seconds
[2024-06-05T21:07:46.854+0200] {processor.py:161} INFO - Started process (PID=11748) to work on /home/louis/GamingDataPipeline/dags/etl_dag.py
[2024-06-05T21:07:46.857+0200] {processor.py:830} INFO - Processing file /home/louis/GamingDataPipeline/dags/etl_dag.py for tasks to queue
[2024-06-05T21:07:46.860+0200] {logging_mixin.py:188} INFO - [2024-06-05T21:07:46.860+0200] {dagbag.py:540} INFO - Filling up the DagBag from /home/louis/GamingDataPipeline/dags/etl_dag.py
[2024-06-05T21:07:46.928+0200] {processor.py:840} INFO - DAG(s) 'fetch_top_games' retrieved from /home/louis/GamingDataPipeline/dags/etl_dag.py
[2024-06-05T21:07:46.952+0200] {logging_mixin.py:188} INFO - [2024-06-05T21:07:46.951+0200] {dag.py:3096} INFO - Sync 1 DAGs
[2024-06-05T21:07:47.086+0200] {logging_mixin.py:188} INFO - [2024-06-05T21:07:47.086+0200] {dag.py:3954} INFO - Setting next_dagrun for fetch_top_games to 2024-06-05 00:00:00+00:00, run_after=2024-06-06 00:00:00+00:00
[2024-06-05T21:07:47.127+0200] {processor.py:183} INFO - Processing /home/louis/GamingDataPipeline/dags/etl_dag.py took 0.299 seconds
[2024-06-05T21:08:17.516+0200] {processor.py:161} INFO - Started process (PID=11973) to work on /home/louis/GamingDataPipeline/dags/etl_dag.py
[2024-06-05T21:08:17.528+0200] {processor.py:830} INFO - Processing file /home/louis/GamingDataPipeline/dags/etl_dag.py for tasks to queue
[2024-06-05T21:08:17.540+0200] {logging_mixin.py:188} INFO - [2024-06-05T21:08:17.536+0200] {dagbag.py:540} INFO - Filling up the DagBag from /home/louis/GamingDataPipeline/dags/etl_dag.py
[2024-06-05T21:08:17.686+0200] {processor.py:840} INFO - DAG(s) 'fetch_top_games' retrieved from /home/louis/GamingDataPipeline/dags/etl_dag.py
[2024-06-05T21:08:17.857+0200] {logging_mixin.py:188} INFO - [2024-06-05T21:08:17.856+0200] {dag.py:3096} INFO - Sync 1 DAGs
[2024-06-05T21:08:17.887+0200] {logging_mixin.py:188} INFO - [2024-06-05T21:08:17.886+0200] {dag.py:3954} INFO - Setting next_dagrun for fetch_top_games to 2024-06-05 00:00:00+00:00, run_after=2024-06-06 00:00:00+00:00
[2024-06-05T21:08:17.919+0200] {processor.py:183} INFO - Processing /home/louis/GamingDataPipeline/dags/etl_dag.py took 0.445 seconds
[2024-06-05T21:08:48.153+0200] {processor.py:161} INFO - Started process (PID=12392) to work on /home/louis/GamingDataPipeline/dags/etl_dag.py
[2024-06-05T21:08:48.160+0200] {processor.py:830} INFO - Processing file /home/louis/GamingDataPipeline/dags/etl_dag.py for tasks to queue
[2024-06-05T21:08:48.162+0200] {logging_mixin.py:188} INFO - [2024-06-05T21:08:48.162+0200] {dagbag.py:540} INFO - Filling up the DagBag from /home/louis/GamingDataPipeline/dags/etl_dag.py
[2024-06-05T21:08:48.228+0200] {processor.py:840} INFO - DAG(s) 'fetch_top_games' retrieved from /home/louis/GamingDataPipeline/dags/etl_dag.py
[2024-06-05T21:08:48.350+0200] {logging_mixin.py:188} INFO - [2024-06-05T21:08:48.349+0200] {dag.py:3096} INFO - Sync 1 DAGs
[2024-06-05T21:08:48.377+0200] {logging_mixin.py:188} INFO - [2024-06-05T21:08:48.377+0200] {dag.py:3954} INFO - Setting next_dagrun for fetch_top_games to 2024-06-05 00:00:00+00:00, run_after=2024-06-06 00:00:00+00:00
[2024-06-05T21:08:48.415+0200] {processor.py:183} INFO - Processing /home/louis/GamingDataPipeline/dags/etl_dag.py took 0.277 seconds
[2024-06-05T21:09:18.595+0200] {processor.py:161} INFO - Started process (PID=12665) to work on /home/louis/GamingDataPipeline/dags/etl_dag.py
[2024-06-05T21:09:18.602+0200] {processor.py:830} INFO - Processing file /home/louis/GamingDataPipeline/dags/etl_dag.py for tasks to queue
[2024-06-05T21:09:18.604+0200] {logging_mixin.py:188} INFO - [2024-06-05T21:09:18.604+0200] {dagbag.py:540} INFO - Filling up the DagBag from /home/louis/GamingDataPipeline/dags/etl_dag.py
[2024-06-05T21:09:18.672+0200] {processor.py:840} INFO - DAG(s) 'fetch_top_games' retrieved from /home/louis/GamingDataPipeline/dags/etl_dag.py
[2024-06-05T21:09:18.792+0200] {logging_mixin.py:188} INFO - [2024-06-05T21:09:18.791+0200] {dag.py:3096} INFO - Sync 1 DAGs
[2024-06-05T21:09:18.813+0200] {logging_mixin.py:188} INFO - [2024-06-05T21:09:18.812+0200] {dag.py:3954} INFO - Setting next_dagrun for fetch_top_games to 2024-06-05 00:00:00+00:00, run_after=2024-06-06 00:00:00+00:00
[2024-06-05T21:09:18.845+0200] {processor.py:183} INFO - Processing /home/louis/GamingDataPipeline/dags/etl_dag.py took 0.261 seconds
[2024-06-05T21:09:49.037+0200] {processor.py:161} INFO - Started process (PID=12830) to work on /home/louis/GamingDataPipeline/dags/etl_dag.py
[2024-06-05T21:09:49.044+0200] {processor.py:830} INFO - Processing file /home/louis/GamingDataPipeline/dags/etl_dag.py for tasks to queue
[2024-06-05T21:09:49.048+0200] {logging_mixin.py:188} INFO - [2024-06-05T21:09:49.047+0200] {dagbag.py:540} INFO - Filling up the DagBag from /home/louis/GamingDataPipeline/dags/etl_dag.py
[2024-06-05T21:09:49.221+0200] {processor.py:840} INFO - DAG(s) 'fetch_top_games' retrieved from /home/louis/GamingDataPipeline/dags/etl_dag.py
[2024-06-05T21:09:49.241+0200] {logging_mixin.py:188} INFO - [2024-06-05T21:09:49.241+0200] {dag.py:3096} INFO - Sync 1 DAGs
[2024-06-05T21:09:49.260+0200] {logging_mixin.py:188} INFO - [2024-06-05T21:09:49.259+0200] {dag.py:3954} INFO - Setting next_dagrun for fetch_top_games to 2024-06-05 00:00:00+00:00, run_after=2024-06-06 00:00:00+00:00
[2024-06-05T21:09:49.288+0200] {processor.py:183} INFO - Processing /home/louis/GamingDataPipeline/dags/etl_dag.py took 0.265 seconds
[2024-06-05T21:10:19.482+0200] {processor.py:161} INFO - Started process (PID=13195) to work on /home/louis/GamingDataPipeline/dags/etl_dag.py
[2024-06-05T21:10:19.514+0200] {processor.py:830} INFO - Processing file /home/louis/GamingDataPipeline/dags/etl_dag.py for tasks to queue
[2024-06-05T21:10:19.517+0200] {logging_mixin.py:188} INFO - [2024-06-05T21:10:19.516+0200] {dagbag.py:540} INFO - Filling up the DagBag from /home/louis/GamingDataPipeline/dags/etl_dag.py
[2024-06-05T21:10:19.706+0200] {processor.py:840} INFO - DAG(s) 'fetch_top_games' retrieved from /home/louis/GamingDataPipeline/dags/etl_dag.py
[2024-06-05T21:10:19.728+0200] {logging_mixin.py:188} INFO - [2024-06-05T21:10:19.728+0200] {dag.py:3096} INFO - Sync 1 DAGs
[2024-06-05T21:10:19.745+0200] {logging_mixin.py:188} INFO - [2024-06-05T21:10:19.745+0200] {dag.py:3954} INFO - Setting next_dagrun for fetch_top_games to 2024-06-05 00:00:00+00:00, run_after=2024-06-06 00:00:00+00:00
[2024-06-05T21:10:19.788+0200] {processor.py:183} INFO - Processing /home/louis/GamingDataPipeline/dags/etl_dag.py took 0.332 seconds
[2024-06-05T21:22:09.253+0200] {processor.py:161} INFO - Started process (PID=17619) to work on /home/louis/GamingDataPipeline/dags/etl_dag.py
[2024-06-05T21:22:09.262+0200] {processor.py:830} INFO - Processing file /home/louis/GamingDataPipeline/dags/etl_dag.py for tasks to queue
[2024-06-05T21:22:09.265+0200] {logging_mixin.py:188} INFO - [2024-06-05T21:22:09.265+0200] {dagbag.py:540} INFO - Filling up the DagBag from /home/louis/GamingDataPipeline/dags/etl_dag.py
[2024-06-05T21:22:09.378+0200] {processor.py:840} INFO - DAG(s) 'fetch_top_games' retrieved from /home/louis/GamingDataPipeline/dags/etl_dag.py
[2024-06-05T21:22:09.385+0200] {logging_mixin.py:188} INFO - [2024-06-05T21:22:09.385+0200] {dag.py:3096} INFO - Sync 1 DAGs
[2024-06-05T21:22:09.433+0200] {logging_mixin.py:188} INFO - [2024-06-05T21:22:09.433+0200] {dag.py:3954} INFO - Setting next_dagrun for fetch_top_games to 2024-06-05 00:00:00+00:00, run_after=2024-06-06 00:00:00+00:00
[2024-06-05T21:22:09.477+0200] {processor.py:183} INFO - Processing /home/louis/GamingDataPipeline/dags/etl_dag.py took 0.234 seconds
[2024-06-05T21:22:40.960+0200] {processor.py:161} INFO - Started process (PID=18027) to work on /home/louis/GamingDataPipeline/dags/etl_dag.py
[2024-06-05T21:22:40.964+0200] {processor.py:830} INFO - Processing file /home/louis/GamingDataPipeline/dags/etl_dag.py for tasks to queue
[2024-06-05T21:22:40.966+0200] {logging_mixin.py:188} INFO - [2024-06-05T21:22:40.965+0200] {dagbag.py:540} INFO - Filling up the DagBag from /home/louis/GamingDataPipeline/dags/etl_dag.py
[2024-06-05T21:22:41.124+0200] {processor.py:840} INFO - DAG(s) 'fetch_top_games' retrieved from /home/louis/GamingDataPipeline/dags/etl_dag.py
[2024-06-05T21:22:41.257+0200] {logging_mixin.py:188} INFO - [2024-06-05T21:22:41.257+0200] {dag.py:3096} INFO - Sync 1 DAGs
[2024-06-05T21:22:41.392+0200] {logging_mixin.py:188} INFO - [2024-06-05T21:22:41.391+0200] {dag.py:3954} INFO - Setting next_dagrun for fetch_top_games to 2024-06-05 00:00:00+00:00, run_after=2024-06-06 00:00:00+00:00
[2024-06-05T21:22:41.427+0200] {processor.py:183} INFO - Processing /home/louis/GamingDataPipeline/dags/etl_dag.py took 0.497 seconds
[2024-06-05T21:23:12.494+0200] {processor.py:161} INFO - Started process (PID=18400) to work on /home/louis/GamingDataPipeline/dags/etl_dag.py
[2024-06-05T21:23:12.499+0200] {processor.py:830} INFO - Processing file /home/louis/GamingDataPipeline/dags/etl_dag.py for tasks to queue
[2024-06-05T21:23:12.508+0200] {logging_mixin.py:188} INFO - [2024-06-05T21:23:12.505+0200] {dagbag.py:540} INFO - Filling up the DagBag from /home/louis/GamingDataPipeline/dags/etl_dag.py
[2024-06-05T21:23:12.688+0200] {processor.py:840} INFO - DAG(s) 'fetch_top_games' retrieved from /home/louis/GamingDataPipeline/dags/etl_dag.py
[2024-06-05T21:23:12.717+0200] {logging_mixin.py:188} INFO - [2024-06-05T21:23:12.716+0200] {dag.py:3096} INFO - Sync 1 DAGs
[2024-06-05T21:23:12.741+0200] {logging_mixin.py:188} INFO - [2024-06-05T21:23:12.740+0200] {dag.py:3954} INFO - Setting next_dagrun for fetch_top_games to 2024-06-05 00:00:00+00:00, run_after=2024-06-06 00:00:00+00:00
[2024-06-05T21:23:12.787+0200] {processor.py:183} INFO - Processing /home/louis/GamingDataPipeline/dags/etl_dag.py took 0.329 seconds
[2024-06-05T21:23:42.941+0200] {processor.py:161} INFO - Started process (PID=18680) to work on /home/louis/GamingDataPipeline/dags/etl_dag.py
[2024-06-05T21:23:42.947+0200] {processor.py:830} INFO - Processing file /home/louis/GamingDataPipeline/dags/etl_dag.py for tasks to queue
[2024-06-05T21:23:42.949+0200] {logging_mixin.py:188} INFO - [2024-06-05T21:23:42.949+0200] {dagbag.py:540} INFO - Filling up the DagBag from /home/louis/GamingDataPipeline/dags/etl_dag.py
[2024-06-05T21:23:43.030+0200] {processor.py:840} INFO - DAG(s) 'fetch_top_games' retrieved from /home/louis/GamingDataPipeline/dags/etl_dag.py
[2024-06-05T21:23:43.055+0200] {logging_mixin.py:188} INFO - [2024-06-05T21:23:43.054+0200] {dag.py:3096} INFO - Sync 1 DAGs
[2024-06-05T21:23:43.077+0200] {logging_mixin.py:188} INFO - [2024-06-05T21:23:43.077+0200] {dag.py:3954} INFO - Setting next_dagrun for fetch_top_games to 2024-06-05 00:00:00+00:00, run_after=2024-06-06 00:00:00+00:00
[2024-06-05T21:23:43.112+0200] {processor.py:183} INFO - Processing /home/louis/GamingDataPipeline/dags/etl_dag.py took 0.181 seconds
[2024-06-05T21:24:13.982+0200] {processor.py:161} INFO - Started process (PID=19136) to work on /home/louis/GamingDataPipeline/dags/etl_dag.py
[2024-06-05T21:24:13.985+0200] {processor.py:830} INFO - Processing file /home/louis/GamingDataPipeline/dags/etl_dag.py for tasks to queue
[2024-06-05T21:24:13.989+0200] {logging_mixin.py:188} INFO - [2024-06-05T21:24:13.989+0200] {dagbag.py:540} INFO - Filling up the DagBag from /home/louis/GamingDataPipeline/dags/etl_dag.py
[2024-06-05T21:24:14.073+0200] {processor.py:840} INFO - DAG(s) 'fetch_top_games' retrieved from /home/louis/GamingDataPipeline/dags/etl_dag.py
[2024-06-05T21:24:14.095+0200] {logging_mixin.py:188} INFO - [2024-06-05T21:24:14.095+0200] {dag.py:3096} INFO - Sync 1 DAGs
[2024-06-05T21:24:14.114+0200] {logging_mixin.py:188} INFO - [2024-06-05T21:24:14.113+0200] {dag.py:3954} INFO - Setting next_dagrun for fetch_top_games to 2024-06-05 00:00:00+00:00, run_after=2024-06-06 00:00:00+00:00
[2024-06-05T21:24:14.148+0200] {processor.py:183} INFO - Processing /home/louis/GamingDataPipeline/dags/etl_dag.py took 0.184 seconds
[2024-06-05T21:24:44.772+0200] {processor.py:161} INFO - Started process (PID=19595) to work on /home/louis/GamingDataPipeline/dags/etl_dag.py
[2024-06-05T21:24:44.782+0200] {processor.py:830} INFO - Processing file /home/louis/GamingDataPipeline/dags/etl_dag.py for tasks to queue
[2024-06-05T21:24:44.788+0200] {logging_mixin.py:188} INFO - [2024-06-05T21:24:44.787+0200] {dagbag.py:540} INFO - Filling up the DagBag from /home/louis/GamingDataPipeline/dags/etl_dag.py
[2024-06-05T21:24:44.976+0200] {processor.py:840} INFO - DAG(s) 'fetch_top_games' retrieved from /home/louis/GamingDataPipeline/dags/etl_dag.py
[2024-06-05T21:24:45.002+0200] {logging_mixin.py:188} INFO - [2024-06-05T21:24:45.001+0200] {dag.py:3096} INFO - Sync 1 DAGs
[2024-06-05T21:24:45.024+0200] {logging_mixin.py:188} INFO - [2024-06-05T21:24:45.024+0200] {dag.py:3954} INFO - Setting next_dagrun for fetch_top_games to 2024-06-05 00:00:00+00:00, run_after=2024-06-06 00:00:00+00:00
[2024-06-05T21:24:45.053+0200] {processor.py:183} INFO - Processing /home/louis/GamingDataPipeline/dags/etl_dag.py took 0.309 seconds
[2024-06-05T21:25:15.377+0200] {processor.py:161} INFO - Started process (PID=20059) to work on /home/louis/GamingDataPipeline/dags/etl_dag.py
[2024-06-05T21:25:15.385+0200] {processor.py:830} INFO - Processing file /home/louis/GamingDataPipeline/dags/etl_dag.py for tasks to queue
[2024-06-05T21:25:15.388+0200] {logging_mixin.py:188} INFO - [2024-06-05T21:25:15.388+0200] {dagbag.py:540} INFO - Filling up the DagBag from /home/louis/GamingDataPipeline/dags/etl_dag.py
[2024-06-05T21:25:15.464+0200] {processor.py:840} INFO - DAG(s) 'fetch_top_games' retrieved from /home/louis/GamingDataPipeline/dags/etl_dag.py
[2024-06-05T21:25:15.483+0200] {logging_mixin.py:188} INFO - [2024-06-05T21:25:15.482+0200] {dag.py:3096} INFO - Sync 1 DAGs
[2024-06-05T21:25:15.504+0200] {logging_mixin.py:188} INFO - [2024-06-05T21:25:15.503+0200] {dag.py:3954} INFO - Setting next_dagrun for fetch_top_games to 2024-06-05 00:00:00+00:00, run_after=2024-06-06 00:00:00+00:00
[2024-06-05T21:25:15.535+0200] {processor.py:183} INFO - Processing /home/louis/GamingDataPipeline/dags/etl_dag.py took 0.176 seconds
[2024-06-05T21:25:45.948+0200] {processor.py:161} INFO - Started process (PID=20523) to work on /home/louis/GamingDataPipeline/dags/etl_dag.py
[2024-06-05T21:25:45.951+0200] {processor.py:830} INFO - Processing file /home/louis/GamingDataPipeline/dags/etl_dag.py for tasks to queue
[2024-06-05T21:25:45.953+0200] {logging_mixin.py:188} INFO - [2024-06-05T21:25:45.952+0200] {dagbag.py:540} INFO - Filling up the DagBag from /home/louis/GamingDataPipeline/dags/etl_dag.py
[2024-06-05T21:25:46.043+0200] {processor.py:840} INFO - DAG(s) 'fetch_top_games' retrieved from /home/louis/GamingDataPipeline/dags/etl_dag.py
[2024-06-05T21:25:46.067+0200] {logging_mixin.py:188} INFO - [2024-06-05T21:25:46.067+0200] {dag.py:3096} INFO - Sync 1 DAGs
[2024-06-05T21:25:46.085+0200] {logging_mixin.py:188} INFO - [2024-06-05T21:25:46.085+0200] {dag.py:3954} INFO - Setting next_dagrun for fetch_top_games to 2024-06-05 00:00:00+00:00, run_after=2024-06-06 00:00:00+00:00
[2024-06-05T21:25:46.113+0200] {processor.py:183} INFO - Processing /home/louis/GamingDataPipeline/dags/etl_dag.py took 0.175 seconds
[2024-06-05T21:26:16.577+0200] {processor.py:161} INFO - Started process (PID=20978) to work on /home/louis/GamingDataPipeline/dags/etl_dag.py
[2024-06-05T21:26:16.584+0200] {processor.py:830} INFO - Processing file /home/louis/GamingDataPipeline/dags/etl_dag.py for tasks to queue
[2024-06-05T21:26:16.587+0200] {logging_mixin.py:188} INFO - [2024-06-05T21:26:16.586+0200] {dagbag.py:540} INFO - Filling up the DagBag from /home/louis/GamingDataPipeline/dags/etl_dag.py
[2024-06-05T21:26:16.651+0200] {processor.py:840} INFO - DAG(s) 'fetch_top_games' retrieved from /home/louis/GamingDataPipeline/dags/etl_dag.py
[2024-06-05T21:26:16.671+0200] {logging_mixin.py:188} INFO - [2024-06-05T21:26:16.671+0200] {dag.py:3096} INFO - Sync 1 DAGs
[2024-06-05T21:26:16.693+0200] {logging_mixin.py:188} INFO - [2024-06-05T21:26:16.693+0200] {dag.py:3954} INFO - Setting next_dagrun for fetch_top_games to 2024-06-05 00:00:00+00:00, run_after=2024-06-06 00:00:00+00:00
[2024-06-05T21:26:16.735+0200] {processor.py:183} INFO - Processing /home/louis/GamingDataPipeline/dags/etl_dag.py took 0.174 seconds
[2024-06-05T21:26:47.312+0200] {processor.py:161} INFO - Started process (PID=21462) to work on /home/louis/GamingDataPipeline/dags/etl_dag.py
[2024-06-05T21:26:47.313+0200] {processor.py:830} INFO - Processing file /home/louis/GamingDataPipeline/dags/etl_dag.py for tasks to queue
[2024-06-05T21:26:47.315+0200] {logging_mixin.py:188} INFO - [2024-06-05T21:26:47.315+0200] {dagbag.py:540} INFO - Filling up the DagBag from /home/louis/GamingDataPipeline/dags/etl_dag.py
[2024-06-05T21:26:47.394+0200] {processor.py:840} INFO - DAG(s) 'fetch_top_games' retrieved from /home/louis/GamingDataPipeline/dags/etl_dag.py
[2024-06-05T21:26:47.421+0200] {logging_mixin.py:188} INFO - [2024-06-05T21:26:47.420+0200] {dag.py:3096} INFO - Sync 1 DAGs
[2024-06-05T21:26:47.449+0200] {logging_mixin.py:188} INFO - [2024-06-05T21:26:47.449+0200] {dag.py:3954} INFO - Setting next_dagrun for fetch_top_games to 2024-06-05 00:00:00+00:00, run_after=2024-06-06 00:00:00+00:00
[2024-06-05T21:26:47.619+0200] {processor.py:183} INFO - Processing /home/louis/GamingDataPipeline/dags/etl_dag.py took 0.322 seconds
[2024-06-05T21:27:18.013+0200] {processor.py:161} INFO - Started process (PID=21934) to work on /home/louis/GamingDataPipeline/dags/etl_dag.py
[2024-06-05T21:27:18.015+0200] {processor.py:830} INFO - Processing file /home/louis/GamingDataPipeline/dags/etl_dag.py for tasks to queue
[2024-06-05T21:27:18.019+0200] {logging_mixin.py:188} INFO - [2024-06-05T21:27:18.018+0200] {dagbag.py:540} INFO - Filling up the DagBag from /home/louis/GamingDataPipeline/dags/etl_dag.py
[2024-06-05T21:27:18.105+0200] {processor.py:840} INFO - DAG(s) 'fetch_top_games' retrieved from /home/louis/GamingDataPipeline/dags/etl_dag.py
[2024-06-05T21:27:18.128+0200] {logging_mixin.py:188} INFO - [2024-06-05T21:27:18.127+0200] {dag.py:3096} INFO - Sync 1 DAGs
[2024-06-05T21:27:18.251+0200] {logging_mixin.py:188} INFO - [2024-06-05T21:27:18.250+0200] {dag.py:3954} INFO - Setting next_dagrun for fetch_top_games to 2024-06-05 00:00:00+00:00, run_after=2024-06-06 00:00:00+00:00
[2024-06-05T21:27:18.306+0200] {processor.py:183} INFO - Processing /home/louis/GamingDataPipeline/dags/etl_dag.py took 0.311 seconds
[2024-06-05T21:27:48.726+0200] {processor.py:161} INFO - Started process (PID=22325) to work on /home/louis/GamingDataPipeline/dags/etl_dag.py
[2024-06-05T21:27:48.733+0200] {processor.py:830} INFO - Processing file /home/louis/GamingDataPipeline/dags/etl_dag.py for tasks to queue
[2024-06-05T21:27:48.737+0200] {logging_mixin.py:188} INFO - [2024-06-05T21:27:48.736+0200] {dagbag.py:540} INFO - Filling up the DagBag from /home/louis/GamingDataPipeline/dags/etl_dag.py
[2024-06-05T21:27:48.800+0200] {processor.py:840} INFO - DAG(s) 'fetch_top_games' retrieved from /home/louis/GamingDataPipeline/dags/etl_dag.py
[2024-06-05T21:27:48.821+0200] {logging_mixin.py:188} INFO - [2024-06-05T21:27:48.821+0200] {dag.py:3096} INFO - Sync 1 DAGs
[2024-06-05T21:27:48.932+0200] {logging_mixin.py:188} INFO - [2024-06-05T21:27:48.931+0200] {dag.py:3954} INFO - Setting next_dagrun for fetch_top_games to 2024-06-05 00:00:00+00:00, run_after=2024-06-06 00:00:00+00:00
[2024-06-05T21:27:48.967+0200] {processor.py:183} INFO - Processing /home/louis/GamingDataPipeline/dags/etl_dag.py took 0.259 seconds
[2024-06-05T21:28:19.447+0200] {processor.py:161} INFO - Started process (PID=22826) to work on /home/louis/GamingDataPipeline/dags/etl_dag.py
[2024-06-05T21:28:19.455+0200] {processor.py:830} INFO - Processing file /home/louis/GamingDataPipeline/dags/etl_dag.py for tasks to queue
[2024-06-05T21:28:19.457+0200] {logging_mixin.py:188} INFO - [2024-06-05T21:28:19.457+0200] {dagbag.py:540} INFO - Filling up the DagBag from /home/louis/GamingDataPipeline/dags/etl_dag.py
[2024-06-05T21:28:19.526+0200] {processor.py:840} INFO - DAG(s) 'fetch_top_games' retrieved from /home/louis/GamingDataPipeline/dags/etl_dag.py
[2024-06-05T21:28:19.658+0200] {logging_mixin.py:188} INFO - [2024-06-05T21:28:19.658+0200] {dag.py:3096} INFO - Sync 1 DAGs
[2024-06-05T21:28:19.681+0200] {logging_mixin.py:188} INFO - [2024-06-05T21:28:19.681+0200] {dag.py:3954} INFO - Setting next_dagrun for fetch_top_games to 2024-06-05 00:00:00+00:00, run_after=2024-06-06 00:00:00+00:00
[2024-06-05T21:28:19.715+0200] {processor.py:183} INFO - Processing /home/louis/GamingDataPipeline/dags/etl_dag.py took 0.290 seconds
[2024-06-05T21:28:50.012+0200] {processor.py:161} INFO - Started process (PID=23313) to work on /home/louis/GamingDataPipeline/dags/etl_dag.py
[2024-06-05T21:28:50.015+0200] {processor.py:830} INFO - Processing file /home/louis/GamingDataPipeline/dags/etl_dag.py for tasks to queue
[2024-06-05T21:28:50.020+0200] {logging_mixin.py:188} INFO - [2024-06-05T21:28:50.019+0200] {dagbag.py:540} INFO - Filling up the DagBag from /home/louis/GamingDataPipeline/dags/etl_dag.py
[2024-06-05T21:28:50.120+0200] {processor.py:840} INFO - DAG(s) 'fetch_top_games' retrieved from /home/louis/GamingDataPipeline/dags/etl_dag.py
[2024-06-05T21:28:50.267+0200] {logging_mixin.py:188} INFO - [2024-06-05T21:28:50.266+0200] {dag.py:3096} INFO - Sync 1 DAGs
[2024-06-05T21:28:50.292+0200] {logging_mixin.py:188} INFO - [2024-06-05T21:28:50.291+0200] {dag.py:3954} INFO - Setting next_dagrun for fetch_top_games to 2024-06-05 00:00:00+00:00, run_after=2024-06-06 00:00:00+00:00
[2024-06-05T21:28:50.337+0200] {processor.py:183} INFO - Processing /home/louis/GamingDataPipeline/dags/etl_dag.py took 0.347 seconds
[2024-06-05T21:29:21.478+0200] {processor.py:161} INFO - Started process (PID=23685) to work on /home/louis/GamingDataPipeline/dags/etl_dag.py
[2024-06-05T21:29:21.485+0200] {processor.py:830} INFO - Processing file /home/louis/GamingDataPipeline/dags/etl_dag.py for tasks to queue
[2024-06-05T21:29:21.489+0200] {logging_mixin.py:188} INFO - [2024-06-05T21:29:21.488+0200] {dagbag.py:540} INFO - Filling up the DagBag from /home/louis/GamingDataPipeline/dags/etl_dag.py
[2024-06-05T21:29:21.582+0200] {processor.py:840} INFO - DAG(s) 'fetch_top_games' retrieved from /home/louis/GamingDataPipeline/dags/etl_dag.py
[2024-06-05T21:29:21.705+0200] {logging_mixin.py:188} INFO - [2024-06-05T21:29:21.704+0200] {dag.py:3096} INFO - Sync 1 DAGs
[2024-06-05T21:29:21.726+0200] {logging_mixin.py:188} INFO - [2024-06-05T21:29:21.725+0200] {dag.py:3954} INFO - Setting next_dagrun for fetch_top_games to 2024-06-05 00:00:00+00:00, run_after=2024-06-06 00:00:00+00:00
[2024-06-05T21:29:21.758+0200] {processor.py:183} INFO - Processing /home/louis/GamingDataPipeline/dags/etl_dag.py took 0.290 seconds
[2024-06-05T21:29:52.048+0200] {processor.py:161} INFO - Started process (PID=23972) to work on /home/louis/GamingDataPipeline/dags/etl_dag.py
[2024-06-05T21:29:52.055+0200] {processor.py:830} INFO - Processing file /home/louis/GamingDataPipeline/dags/etl_dag.py for tasks to queue
[2024-06-05T21:29:52.060+0200] {logging_mixin.py:188} INFO - [2024-06-05T21:29:52.059+0200] {dagbag.py:540} INFO - Filling up the DagBag from /home/louis/GamingDataPipeline/dags/etl_dag.py
[2024-06-05T21:29:52.277+0200] {processor.py:840} INFO - DAG(s) 'fetch_top_games' retrieved from /home/louis/GamingDataPipeline/dags/etl_dag.py
[2024-06-05T21:29:52.302+0200] {logging_mixin.py:188} INFO - [2024-06-05T21:29:52.302+0200] {dag.py:3096} INFO - Sync 1 DAGs
[2024-06-05T21:29:52.324+0200] {logging_mixin.py:188} INFO - [2024-06-05T21:29:52.324+0200] {dag.py:3954} INFO - Setting next_dagrun for fetch_top_games to 2024-06-05 00:00:00+00:00, run_after=2024-06-06 00:00:00+00:00
[2024-06-05T21:29:52.360+0200] {processor.py:183} INFO - Processing /home/louis/GamingDataPipeline/dags/etl_dag.py took 0.322 seconds
[2024-06-05T21:45:16.067+0200] {processor.py:161} INFO - Started process (PID=30309) to work on /home/louis/GamingDataPipeline/dags/etl_dag.py
[2024-06-05T21:45:16.073+0200] {processor.py:830} INFO - Processing file /home/louis/GamingDataPipeline/dags/etl_dag.py for tasks to queue
[2024-06-05T21:45:16.076+0200] {logging_mixin.py:188} INFO - [2024-06-05T21:45:16.075+0200] {dagbag.py:540} INFO - Filling up the DagBag from /home/louis/GamingDataPipeline/dags/etl_dag.py
[2024-06-05T21:45:16.160+0200] {processor.py:840} INFO - DAG(s) 'fetch_top_games' retrieved from /home/louis/GamingDataPipeline/dags/etl_dag.py
[2024-06-05T21:45:16.171+0200] {logging_mixin.py:188} INFO - [2024-06-05T21:45:16.170+0200] {dag.py:3096} INFO - Sync 1 DAGs
[2024-06-05T21:45:16.195+0200] {logging_mixin.py:188} INFO - [2024-06-05T21:45:16.194+0200] {dag.py:3954} INFO - Setting next_dagrun for fetch_top_games to 2024-06-05 00:00:00+00:00, run_after=2024-06-06 00:00:00+00:00
[2024-06-05T21:45:16.226+0200] {processor.py:183} INFO - Processing /home/louis/GamingDataPipeline/dags/etl_dag.py took 0.167 seconds
[2024-06-05T21:45:46.366+0200] {processor.py:161} INFO - Started process (PID=30661) to work on /home/louis/GamingDataPipeline/dags/etl_dag.py
[2024-06-05T21:45:46.368+0200] {processor.py:830} INFO - Processing file /home/louis/GamingDataPipeline/dags/etl_dag.py for tasks to queue
[2024-06-05T21:45:46.371+0200] {logging_mixin.py:188} INFO - [2024-06-05T21:45:46.371+0200] {dagbag.py:540} INFO - Filling up the DagBag from /home/louis/GamingDataPipeline/dags/etl_dag.py
[2024-06-05T21:45:46.446+0200] {processor.py:840} INFO - DAG(s) 'fetch_top_games' retrieved from /home/louis/GamingDataPipeline/dags/etl_dag.py
[2024-06-05T21:45:46.542+0200] {logging_mixin.py:188} INFO - [2024-06-05T21:45:46.542+0200] {dag.py:3096} INFO - Sync 1 DAGs
[2024-06-05T21:45:46.668+0200] {logging_mixin.py:188} INFO - [2024-06-05T21:45:46.668+0200] {dag.py:3954} INFO - Setting next_dagrun for fetch_top_games to 2024-06-05 00:00:00+00:00, run_after=2024-06-06 00:00:00+00:00
[2024-06-05T21:45:46.705+0200] {processor.py:183} INFO - Processing /home/louis/GamingDataPipeline/dags/etl_dag.py took 0.363 seconds
[2024-06-05T21:46:17.268+0200] {processor.py:161} INFO - Started process (PID=31142) to work on /home/louis/GamingDataPipeline/dags/etl_dag.py
[2024-06-05T21:46:17.276+0200] {processor.py:830} INFO - Processing file /home/louis/GamingDataPipeline/dags/etl_dag.py for tasks to queue
[2024-06-05T21:46:17.283+0200] {logging_mixin.py:188} INFO - [2024-06-05T21:46:17.282+0200] {dagbag.py:540} INFO - Filling up the DagBag from /home/louis/GamingDataPipeline/dags/etl_dag.py
[2024-06-05T21:46:17.504+0200] {processor.py:840} INFO - DAG(s) 'fetch_top_games' retrieved from /home/louis/GamingDataPipeline/dags/etl_dag.py
[2024-06-05T21:46:17.545+0200] {logging_mixin.py:188} INFO - [2024-06-05T21:46:17.544+0200] {dag.py:3096} INFO - Sync 1 DAGs
[2024-06-05T21:46:17.600+0200] {logging_mixin.py:188} INFO - [2024-06-05T21:46:17.600+0200] {dag.py:3954} INFO - Setting next_dagrun for fetch_top_games to 2024-06-05 00:00:00+00:00, run_after=2024-06-06 00:00:00+00:00
[2024-06-05T21:46:17.633+0200] {processor.py:183} INFO - Processing /home/louis/GamingDataPipeline/dags/etl_dag.py took 0.390 seconds
[2024-06-05T21:46:48.505+0200] {processor.py:161} INFO - Started process (PID=31601) to work on /home/louis/GamingDataPipeline/dags/etl_dag.py
[2024-06-05T21:46:48.508+0200] {processor.py:830} INFO - Processing file /home/louis/GamingDataPipeline/dags/etl_dag.py for tasks to queue
[2024-06-05T21:46:48.514+0200] {logging_mixin.py:188} INFO - [2024-06-05T21:46:48.513+0200] {dagbag.py:540} INFO - Filling up the DagBag from /home/louis/GamingDataPipeline/dags/etl_dag.py
[2024-06-05T21:46:48.669+0200] {processor.py:840} INFO - DAG(s) 'fetch_top_games' retrieved from /home/louis/GamingDataPipeline/dags/etl_dag.py
[2024-06-05T21:46:48.706+0200] {logging_mixin.py:188} INFO - [2024-06-05T21:46:48.705+0200] {dag.py:3096} INFO - Sync 1 DAGs
[2024-06-05T21:46:48.747+0200] {logging_mixin.py:188} INFO - [2024-06-05T21:46:48.747+0200] {dag.py:3954} INFO - Setting next_dagrun for fetch_top_games to 2024-06-05 00:00:00+00:00, run_after=2024-06-06 00:00:00+00:00
[2024-06-05T21:46:48.776+0200] {processor.py:183} INFO - Processing /home/louis/GamingDataPipeline/dags/etl_dag.py took 0.297 seconds
[2024-06-05T21:47:19.712+0200] {processor.py:161} INFO - Started process (PID=32096) to work on /home/louis/GamingDataPipeline/dags/etl_dag.py
[2024-06-05T21:47:19.721+0200] {processor.py:830} INFO - Processing file /home/louis/GamingDataPipeline/dags/etl_dag.py for tasks to queue
[2024-06-05T21:47:19.727+0200] {logging_mixin.py:188} INFO - [2024-06-05T21:47:19.726+0200] {dagbag.py:540} INFO - Filling up the DagBag from /home/louis/GamingDataPipeline/dags/etl_dag.py
[2024-06-05T21:47:19.811+0200] {processor.py:840} INFO - DAG(s) 'fetch_top_games' retrieved from /home/louis/GamingDataPipeline/dags/etl_dag.py
[2024-06-05T21:47:19.836+0200] {logging_mixin.py:188} INFO - [2024-06-05T21:47:19.836+0200] {dag.py:3096} INFO - Sync 1 DAGs
[2024-06-05T21:47:19.867+0200] {logging_mixin.py:188} INFO - [2024-06-05T21:47:19.867+0200] {dag.py:3954} INFO - Setting next_dagrun for fetch_top_games to 2024-06-05 00:00:00+00:00, run_after=2024-06-06 00:00:00+00:00
[2024-06-05T21:47:19.909+0200] {processor.py:183} INFO - Processing /home/louis/GamingDataPipeline/dags/etl_dag.py took 0.223 seconds
[2024-06-05T21:47:50.270+0200] {processor.py:161} INFO - Started process (PID=32567) to work on /home/louis/GamingDataPipeline/dags/etl_dag.py
[2024-06-05T21:47:50.275+0200] {processor.py:830} INFO - Processing file /home/louis/GamingDataPipeline/dags/etl_dag.py for tasks to queue
[2024-06-05T21:47:50.284+0200] {logging_mixin.py:188} INFO - [2024-06-05T21:47:50.283+0200] {dagbag.py:540} INFO - Filling up the DagBag from /home/louis/GamingDataPipeline/dags/etl_dag.py
[2024-06-05T21:47:50.405+0200] {processor.py:840} INFO - DAG(s) 'fetch_top_games' retrieved from /home/louis/GamingDataPipeline/dags/etl_dag.py
[2024-06-05T21:47:50.456+0200] {logging_mixin.py:188} INFO - [2024-06-05T21:47:50.455+0200] {dag.py:3096} INFO - Sync 1 DAGs
[2024-06-05T21:47:50.499+0200] {logging_mixin.py:188} INFO - [2024-06-05T21:47:50.498+0200] {dag.py:3954} INFO - Setting next_dagrun for fetch_top_games to 2024-06-05 00:00:00+00:00, run_after=2024-06-06 00:00:00+00:00
[2024-06-05T21:47:50.531+0200] {processor.py:183} INFO - Processing /home/louis/GamingDataPipeline/dags/etl_dag.py took 0.291 seconds
[2024-06-05T21:48:21.452+0200] {processor.py:161} INFO - Started process (PID=32929) to work on /home/louis/GamingDataPipeline/dags/etl_dag.py
[2024-06-05T21:48:21.461+0200] {processor.py:830} INFO - Processing file /home/louis/GamingDataPipeline/dags/etl_dag.py for tasks to queue
[2024-06-05T21:48:21.465+0200] {logging_mixin.py:188} INFO - [2024-06-05T21:48:21.465+0200] {dagbag.py:540} INFO - Filling up the DagBag from /home/louis/GamingDataPipeline/dags/etl_dag.py
[2024-06-05T21:48:21.542+0200] {processor.py:840} INFO - DAG(s) 'fetch_top_games' retrieved from /home/louis/GamingDataPipeline/dags/etl_dag.py
[2024-06-05T21:48:21.570+0200] {logging_mixin.py:188} INFO - [2024-06-05T21:48:21.569+0200] {dag.py:3096} INFO - Sync 1 DAGs
[2024-06-05T21:48:21.597+0200] {logging_mixin.py:188} INFO - [2024-06-05T21:48:21.596+0200] {dag.py:3954} INFO - Setting next_dagrun for fetch_top_games to 2024-06-05 00:00:00+00:00, run_after=2024-06-06 00:00:00+00:00
[2024-06-05T21:48:21.632+0200] {processor.py:183} INFO - Processing /home/louis/GamingDataPipeline/dags/etl_dag.py took 0.208 seconds
[2024-06-05T21:48:52.365+0200] {processor.py:161} INFO - Started process (PID=33234) to work on /home/louis/GamingDataPipeline/dags/etl_dag.py
[2024-06-05T21:48:52.372+0200] {processor.py:830} INFO - Processing file /home/louis/GamingDataPipeline/dags/etl_dag.py for tasks to queue
[2024-06-05T21:48:52.375+0200] {logging_mixin.py:188} INFO - [2024-06-05T21:48:52.374+0200] {dagbag.py:540} INFO - Filling up the DagBag from /home/louis/GamingDataPipeline/dags/etl_dag.py
[2024-06-05T21:48:52.443+0200] {processor.py:840} INFO - DAG(s) 'fetch_top_games' retrieved from /home/louis/GamingDataPipeline/dags/etl_dag.py
[2024-06-05T21:48:52.463+0200] {logging_mixin.py:188} INFO - [2024-06-05T21:48:52.463+0200] {dag.py:3096} INFO - Sync 1 DAGs
[2024-06-05T21:48:52.481+0200] {logging_mixin.py:188} INFO - [2024-06-05T21:48:52.481+0200] {dag.py:3954} INFO - Setting next_dagrun for fetch_top_games to 2024-06-05 00:00:00+00:00, run_after=2024-06-06 00:00:00+00:00
[2024-06-05T21:48:52.523+0200] {processor.py:183} INFO - Processing /home/louis/GamingDataPipeline/dags/etl_dag.py took 0.174 seconds
[2024-06-05T21:49:23.124+0200] {processor.py:161} INFO - Started process (PID=33546) to work on /home/louis/GamingDataPipeline/dags/etl_dag.py
[2024-06-05T21:49:23.126+0200] {processor.py:830} INFO - Processing file /home/louis/GamingDataPipeline/dags/etl_dag.py for tasks to queue
[2024-06-05T21:49:23.128+0200] {logging_mixin.py:188} INFO - [2024-06-05T21:49:23.128+0200] {dagbag.py:540} INFO - Filling up the DagBag from /home/louis/GamingDataPipeline/dags/etl_dag.py
[2024-06-05T21:49:23.197+0200] {processor.py:840} INFO - DAG(s) 'fetch_top_games' retrieved from /home/louis/GamingDataPipeline/dags/etl_dag.py
[2024-06-05T21:49:23.219+0200] {logging_mixin.py:188} INFO - [2024-06-05T21:49:23.219+0200] {dag.py:3096} INFO - Sync 1 DAGs
[2024-06-05T21:49:23.238+0200] {logging_mixin.py:188} INFO - [2024-06-05T21:49:23.238+0200] {dag.py:3954} INFO - Setting next_dagrun for fetch_top_games to 2024-06-05 00:00:00+00:00, run_after=2024-06-06 00:00:00+00:00
[2024-06-05T21:49:23.276+0200] {processor.py:183} INFO - Processing /home/louis/GamingDataPipeline/dags/etl_dag.py took 0.161 seconds
[2024-06-05T21:49:53.938+0200] {processor.py:161} INFO - Started process (PID=33859) to work on /home/louis/GamingDataPipeline/dags/etl_dag.py
[2024-06-05T21:49:53.945+0200] {processor.py:830} INFO - Processing file /home/louis/GamingDataPipeline/dags/etl_dag.py for tasks to queue
[2024-06-05T21:49:53.947+0200] {logging_mixin.py:188} INFO - [2024-06-05T21:49:53.947+0200] {dagbag.py:540} INFO - Filling up the DagBag from /home/louis/GamingDataPipeline/dags/etl_dag.py
[2024-06-05T21:49:54.015+0200] {processor.py:840} INFO - DAG(s) 'fetch_top_games' retrieved from /home/louis/GamingDataPipeline/dags/etl_dag.py
[2024-06-05T21:49:54.036+0200] {logging_mixin.py:188} INFO - [2024-06-05T21:49:54.036+0200] {dag.py:3096} INFO - Sync 1 DAGs
[2024-06-05T21:49:54.056+0200] {logging_mixin.py:188} INFO - [2024-06-05T21:49:54.056+0200] {dag.py:3954} INFO - Setting next_dagrun for fetch_top_games to 2024-06-05 00:00:00+00:00, run_after=2024-06-06 00:00:00+00:00
[2024-06-05T21:49:54.185+0200] {processor.py:183} INFO - Processing /home/louis/GamingDataPipeline/dags/etl_dag.py took 0.258 seconds
[2024-06-05T21:50:24.522+0200] {processor.py:161} INFO - Started process (PID=34247) to work on /home/louis/GamingDataPipeline/dags/etl_dag.py
[2024-06-05T21:50:24.524+0200] {processor.py:830} INFO - Processing file /home/louis/GamingDataPipeline/dags/etl_dag.py for tasks to queue
[2024-06-05T21:50:24.528+0200] {logging_mixin.py:188} INFO - [2024-06-05T21:50:24.527+0200] {dagbag.py:540} INFO - Filling up the DagBag from /home/louis/GamingDataPipeline/dags/etl_dag.py
[2024-06-05T21:50:24.618+0200] {processor.py:840} INFO - DAG(s) 'fetch_top_games' retrieved from /home/louis/GamingDataPipeline/dags/etl_dag.py
[2024-06-05T21:50:24.645+0200] {logging_mixin.py:188} INFO - [2024-06-05T21:50:24.645+0200] {dag.py:3096} INFO - Sync 1 DAGs
[2024-06-05T21:50:24.791+0200] {logging_mixin.py:188} INFO - [2024-06-05T21:50:24.791+0200] {dag.py:3954} INFO - Setting next_dagrun for fetch_top_games to 2024-06-05 00:00:00+00:00, run_after=2024-06-06 00:00:00+00:00
[2024-06-05T21:50:24.826+0200] {processor.py:183} INFO - Processing /home/louis/GamingDataPipeline/dags/etl_dag.py took 0.319 seconds
[2024-06-05T21:50:55.141+0200] {processor.py:161} INFO - Started process (PID=34712) to work on /home/louis/GamingDataPipeline/dags/etl_dag.py
[2024-06-05T21:50:55.145+0200] {processor.py:830} INFO - Processing file /home/louis/GamingDataPipeline/dags/etl_dag.py for tasks to queue
[2024-06-05T21:50:55.148+0200] {logging_mixin.py:188} INFO - [2024-06-05T21:50:55.147+0200] {dagbag.py:540} INFO - Filling up the DagBag from /home/louis/GamingDataPipeline/dags/etl_dag.py
[2024-06-05T21:50:55.224+0200] {processor.py:840} INFO - DAG(s) 'fetch_top_games' retrieved from /home/louis/GamingDataPipeline/dags/etl_dag.py
[2024-06-05T21:50:55.246+0200] {logging_mixin.py:188} INFO - [2024-06-05T21:50:55.246+0200] {dag.py:3096} INFO - Sync 1 DAGs
[2024-06-05T21:50:55.456+0200] {logging_mixin.py:188} INFO - [2024-06-05T21:50:55.456+0200] {dag.py:3954} INFO - Setting next_dagrun for fetch_top_games to 2024-06-05 00:00:00+00:00, run_after=2024-06-06 00:00:00+00:00
[2024-06-05T21:50:55.481+0200] {processor.py:183} INFO - Processing /home/louis/GamingDataPipeline/dags/etl_dag.py took 0.356 seconds
[2024-06-05T21:51:25.879+0200] {processor.py:161} INFO - Started process (PID=35205) to work on /home/louis/GamingDataPipeline/dags/etl_dag.py
[2024-06-05T21:51:25.883+0200] {processor.py:830} INFO - Processing file /home/louis/GamingDataPipeline/dags/etl_dag.py for tasks to queue
[2024-06-05T21:51:25.887+0200] {logging_mixin.py:188} INFO - [2024-06-05T21:51:25.886+0200] {dagbag.py:540} INFO - Filling up the DagBag from /home/louis/GamingDataPipeline/dags/etl_dag.py
[2024-06-05T21:51:26.041+0200] {processor.py:840} INFO - DAG(s) 'fetch_top_games' retrieved from /home/louis/GamingDataPipeline/dags/etl_dag.py
[2024-06-05T21:51:26.086+0200] {logging_mixin.py:188} INFO - [2024-06-05T21:51:26.086+0200] {dag.py:3096} INFO - Sync 1 DAGs
[2024-06-05T21:51:26.592+0200] {logging_mixin.py:188} INFO - [2024-06-05T21:51:26.592+0200] {dag.py:3954} INFO - Setting next_dagrun for fetch_top_games to 2024-06-05 00:00:00+00:00, run_after=2024-06-06 00:00:00+00:00
[2024-06-05T21:51:26.641+0200] {processor.py:183} INFO - Processing /home/louis/GamingDataPipeline/dags/etl_dag.py took 0.780 seconds
[2024-06-05T21:51:57.487+0200] {processor.py:161} INFO - Started process (PID=35580) to work on /home/louis/GamingDataPipeline/dags/etl_dag.py
[2024-06-05T21:51:57.490+0200] {processor.py:830} INFO - Processing file /home/louis/GamingDataPipeline/dags/etl_dag.py for tasks to queue
[2024-06-05T21:51:57.494+0200] {logging_mixin.py:188} INFO - [2024-06-05T21:51:57.493+0200] {dagbag.py:540} INFO - Filling up the DagBag from /home/louis/GamingDataPipeline/dags/etl_dag.py
[2024-06-05T21:51:57.585+0200] {processor.py:840} INFO - DAG(s) 'fetch_top_games' retrieved from /home/louis/GamingDataPipeline/dags/etl_dag.py
[2024-06-05T21:51:57.757+0200] {logging_mixin.py:188} INFO - [2024-06-05T21:51:57.757+0200] {dag.py:3096} INFO - Sync 1 DAGs
[2024-06-05T21:51:57.781+0200] {logging_mixin.py:188} INFO - [2024-06-05T21:51:57.780+0200] {dag.py:3954} INFO - Setting next_dagrun for fetch_top_games to 2024-06-05 00:00:00+00:00, run_after=2024-06-06 00:00:00+00:00
[2024-06-05T21:51:57.815+0200] {processor.py:183} INFO - Processing /home/louis/GamingDataPipeline/dags/etl_dag.py took 0.342 seconds
[2024-06-05T21:52:28.035+0200] {processor.py:161} INFO - Started process (PID=35887) to work on /home/louis/GamingDataPipeline/dags/etl_dag.py
[2024-06-05T21:52:28.041+0200] {processor.py:830} INFO - Processing file /home/louis/GamingDataPipeline/dags/etl_dag.py for tasks to queue
[2024-06-05T21:52:28.044+0200] {logging_mixin.py:188} INFO - [2024-06-05T21:52:28.043+0200] {dagbag.py:540} INFO - Filling up the DagBag from /home/louis/GamingDataPipeline/dags/etl_dag.py
[2024-06-05T21:52:28.109+0200] {processor.py:840} INFO - DAG(s) 'fetch_top_games' retrieved from /home/louis/GamingDataPipeline/dags/etl_dag.py
[2024-06-05T21:52:28.230+0200] {logging_mixin.py:188} INFO - [2024-06-05T21:52:28.229+0200] {dag.py:3096} INFO - Sync 1 DAGs
[2024-06-05T21:52:28.253+0200] {logging_mixin.py:188} INFO - [2024-06-05T21:52:28.253+0200] {dag.py:3954} INFO - Setting next_dagrun for fetch_top_games to 2024-06-05 00:00:00+00:00, run_after=2024-06-06 00:00:00+00:00
[2024-06-05T21:52:28.284+0200] {processor.py:183} INFO - Processing /home/louis/GamingDataPipeline/dags/etl_dag.py took 0.259 seconds
[2024-06-05T22:03:29.312+0200] {processor.py:161} INFO - Started process (PID=39930) to work on /home/louis/GamingDataPipeline/dags/etl_dag.py
[2024-06-05T22:03:29.314+0200] {processor.py:830} INFO - Processing file /home/louis/GamingDataPipeline/dags/etl_dag.py for tasks to queue
[2024-06-05T22:03:29.317+0200] {logging_mixin.py:188} INFO - [2024-06-05T22:03:29.316+0200] {dagbag.py:540} INFO - Filling up the DagBag from /home/louis/GamingDataPipeline/dags/etl_dag.py
[2024-06-05T22:03:29.474+0200] {processor.py:840} INFO - DAG(s) 'fetch_top_games' retrieved from /home/louis/GamingDataPipeline/dags/etl_dag.py
[2024-06-05T22:03:29.494+0200] {logging_mixin.py:188} INFO - [2024-06-05T22:03:29.493+0200] {dag.py:3096} INFO - Sync 1 DAGs
[2024-06-05T22:03:29.535+0200] {logging_mixin.py:188} INFO - [2024-06-05T22:03:29.534+0200] {dag.py:3954} INFO - Setting next_dagrun for fetch_top_games to 2024-06-05 00:00:00+00:00, run_after=2024-06-06 00:00:00+00:00
[2024-06-05T22:03:29.585+0200] {processor.py:183} INFO - Processing /home/louis/GamingDataPipeline/dags/etl_dag.py took 0.284 seconds
[2024-06-05T22:03:59.839+0200] {processor.py:161} INFO - Started process (PID=40405) to work on /home/louis/GamingDataPipeline/dags/etl_dag.py
[2024-06-05T22:03:59.847+0200] {processor.py:830} INFO - Processing file /home/louis/GamingDataPipeline/dags/etl_dag.py for tasks to queue
[2024-06-05T22:03:59.867+0200] {logging_mixin.py:188} INFO - [2024-06-05T22:03:59.853+0200] {dagbag.py:540} INFO - Filling up the DagBag from /home/louis/GamingDataPipeline/dags/etl_dag.py
[2024-06-05T22:04:00.223+0200] {processor.py:840} INFO - DAG(s) 'fetch_top_games' retrieved from /home/louis/GamingDataPipeline/dags/etl_dag.py
[2024-06-05T22:04:00.756+0200] {logging_mixin.py:188} INFO - [2024-06-05T22:04:00.756+0200] {dag.py:3096} INFO - Sync 1 DAGs
[2024-06-05T22:04:01.672+0200] {logging_mixin.py:188} INFO - [2024-06-05T22:04:01.671+0200] {dag.py:3954} INFO - Setting next_dagrun for fetch_top_games to 2024-06-05 00:00:00+00:00, run_after=2024-06-06 00:00:00+00:00
[2024-06-05T22:04:01.840+0200] {processor.py:183} INFO - Processing /home/louis/GamingDataPipeline/dags/etl_dag.py took 2.029 seconds
[2024-06-05T22:04:32.873+0200] {processor.py:161} INFO - Started process (PID=40950) to work on /home/louis/GamingDataPipeline/dags/etl_dag.py
[2024-06-05T22:04:32.876+0200] {processor.py:830} INFO - Processing file /home/louis/GamingDataPipeline/dags/etl_dag.py for tasks to queue
[2024-06-05T22:04:32.879+0200] {logging_mixin.py:188} INFO - [2024-06-05T22:04:32.878+0200] {dagbag.py:540} INFO - Filling up the DagBag from /home/louis/GamingDataPipeline/dags/etl_dag.py
[2024-06-05T22:04:32.977+0200] {processor.py:840} INFO - DAG(s) 'fetch_top_games' retrieved from /home/louis/GamingDataPipeline/dags/etl_dag.py
[2024-06-05T22:04:33.007+0200] {logging_mixin.py:188} INFO - [2024-06-05T22:04:33.007+0200] {dag.py:3096} INFO - Sync 1 DAGs
[2024-06-05T22:04:33.036+0200] {logging_mixin.py:188} INFO - [2024-06-05T22:04:33.036+0200] {dag.py:3954} INFO - Setting next_dagrun for fetch_top_games to 2024-06-05 00:00:00+00:00, run_after=2024-06-06 00:00:00+00:00
[2024-06-05T22:04:33.081+0200] {processor.py:183} INFO - Processing /home/louis/GamingDataPipeline/dags/etl_dag.py took 0.225 seconds
[2024-06-05T22:05:03.979+0200] {processor.py:161} INFO - Started process (PID=41432) to work on /home/louis/GamingDataPipeline/dags/etl_dag.py
[2024-06-05T22:05:03.981+0200] {processor.py:830} INFO - Processing file /home/louis/GamingDataPipeline/dags/etl_dag.py for tasks to queue
[2024-06-05T22:05:03.982+0200] {logging_mixin.py:188} INFO - [2024-06-05T22:05:03.982+0200] {dagbag.py:540} INFO - Filling up the DagBag from /home/louis/GamingDataPipeline/dags/etl_dag.py
[2024-06-05T22:05:04.051+0200] {processor.py:840} INFO - DAG(s) 'fetch_top_games' retrieved from /home/louis/GamingDataPipeline/dags/etl_dag.py
[2024-06-05T22:05:04.072+0200] {logging_mixin.py:188} INFO - [2024-06-05T22:05:04.072+0200] {dag.py:3096} INFO - Sync 1 DAGs
[2024-06-05T22:05:04.092+0200] {logging_mixin.py:188} INFO - [2024-06-05T22:05:04.092+0200] {dag.py:3954} INFO - Setting next_dagrun for fetch_top_games to 2024-06-05 00:00:00+00:00, run_after=2024-06-06 00:00:00+00:00
[2024-06-05T22:05:04.136+0200] {processor.py:183} INFO - Processing /home/louis/GamingDataPipeline/dags/etl_dag.py took 0.164 seconds
[2024-06-05T22:05:34.572+0200] {processor.py:161} INFO - Started process (PID=41723) to work on /home/louis/GamingDataPipeline/dags/etl_dag.py
[2024-06-05T22:05:34.580+0200] {processor.py:830} INFO - Processing file /home/louis/GamingDataPipeline/dags/etl_dag.py for tasks to queue
[2024-06-05T22:05:34.583+0200] {logging_mixin.py:188} INFO - [2024-06-05T22:05:34.582+0200] {dagbag.py:540} INFO - Filling up the DagBag from /home/louis/GamingDataPipeline/dags/etl_dag.py
[2024-06-05T22:05:34.656+0200] {processor.py:840} INFO - DAG(s) 'fetch_top_games' retrieved from /home/louis/GamingDataPipeline/dags/etl_dag.py
[2024-06-05T22:05:34.678+0200] {logging_mixin.py:188} INFO - [2024-06-05T22:05:34.678+0200] {dag.py:3096} INFO - Sync 1 DAGs
[2024-06-05T22:05:34.697+0200] {logging_mixin.py:188} INFO - [2024-06-05T22:05:34.697+0200] {dag.py:3954} INFO - Setting next_dagrun for fetch_top_games to 2024-06-05 00:00:00+00:00, run_after=2024-06-06 00:00:00+00:00
[2024-06-05T22:05:34.734+0200] {processor.py:183} INFO - Processing /home/louis/GamingDataPipeline/dags/etl_dag.py took 0.178 seconds
[2024-06-05T22:06:05.051+0200] {processor.py:161} INFO - Started process (PID=42105) to work on /home/louis/GamingDataPipeline/dags/etl_dag.py
[2024-06-05T22:06:05.060+0200] {processor.py:830} INFO - Processing file /home/louis/GamingDataPipeline/dags/etl_dag.py for tasks to queue
[2024-06-05T22:06:05.065+0200] {logging_mixin.py:188} INFO - [2024-06-05T22:06:05.064+0200] {dagbag.py:540} INFO - Filling up the DagBag from /home/louis/GamingDataPipeline/dags/etl_dag.py
[2024-06-05T22:06:05.147+0200] {processor.py:840} INFO - DAG(s) 'fetch_top_games' retrieved from /home/louis/GamingDataPipeline/dags/etl_dag.py
[2024-06-05T22:06:05.172+0200] {logging_mixin.py:188} INFO - [2024-06-05T22:06:05.172+0200] {dag.py:3096} INFO - Sync 1 DAGs
[2024-06-05T22:06:05.193+0200] {logging_mixin.py:188} INFO - [2024-06-05T22:06:05.193+0200] {dag.py:3954} INFO - Setting next_dagrun for fetch_top_games to 2024-06-05 00:00:00+00:00, run_after=2024-06-06 00:00:00+00:00
[2024-06-05T22:06:05.227+0200] {processor.py:183} INFO - Processing /home/louis/GamingDataPipeline/dags/etl_dag.py took 0.195 seconds
[2024-06-05T22:06:35.427+0200] {processor.py:161} INFO - Started process (PID=42514) to work on /home/louis/GamingDataPipeline/dags/etl_dag.py
[2024-06-05T22:06:35.437+0200] {processor.py:830} INFO - Processing file /home/louis/GamingDataPipeline/dags/etl_dag.py for tasks to queue
[2024-06-05T22:06:35.446+0200] {logging_mixin.py:188} INFO - [2024-06-05T22:06:35.444+0200] {dagbag.py:540} INFO - Filling up the DagBag from /home/louis/GamingDataPipeline/dags/etl_dag.py
[2024-06-05T22:06:35.598+0200] {processor.py:840} INFO - DAG(s) 'fetch_top_games' retrieved from /home/louis/GamingDataPipeline/dags/etl_dag.py
[2024-06-05T22:06:35.622+0200] {logging_mixin.py:188} INFO - [2024-06-05T22:06:35.621+0200] {dag.py:3096} INFO - Sync 1 DAGs
[2024-06-05T22:06:35.644+0200] {logging_mixin.py:188} INFO - [2024-06-05T22:06:35.644+0200] {dag.py:3954} INFO - Setting next_dagrun for fetch_top_games to 2024-06-05 00:00:00+00:00, run_after=2024-06-06 00:00:00+00:00
[2024-06-05T22:06:35.673+0200] {processor.py:183} INFO - Processing /home/louis/GamingDataPipeline/dags/etl_dag.py took 0.275 seconds
[2024-06-05T22:36:44.508+0200] {processor.py:161} INFO - Started process (PID=52887) to work on /home/louis/GamingDataPipeline/dags/etl_dag.py
[2024-06-05T22:36:44.509+0200] {processor.py:830} INFO - Processing file /home/louis/GamingDataPipeline/dags/etl_dag.py for tasks to queue
[2024-06-05T22:36:44.512+0200] {logging_mixin.py:188} INFO - [2024-06-05T22:36:44.511+0200] {dagbag.py:540} INFO - Filling up the DagBag from /home/louis/GamingDataPipeline/dags/etl_dag.py
[2024-06-05T22:36:44.622+0200] {processor.py:840} INFO - DAG(s) 'fetch_top_games' retrieved from /home/louis/GamingDataPipeline/dags/etl_dag.py
[2024-06-05T22:36:44.634+0200] {logging_mixin.py:188} INFO - [2024-06-05T22:36:44.634+0200] {dag.py:3096} INFO - Sync 1 DAGs
[2024-06-05T22:36:44.672+0200] {logging_mixin.py:188} INFO - [2024-06-05T22:36:44.672+0200] {dag.py:3954} INFO - Setting next_dagrun for fetch_top_games to 2024-06-05 00:00:00+00:00, run_after=2024-06-06 00:00:00+00:00
[2024-06-05T22:36:44.734+0200] {processor.py:183} INFO - Processing /home/louis/GamingDataPipeline/dags/etl_dag.py took 0.235 seconds
[2024-06-05T22:37:14.899+0200] {processor.py:161} INFO - Started process (PID=53287) to work on /home/louis/GamingDataPipeline/dags/etl_dag.py
[2024-06-05T22:37:14.901+0200] {processor.py:830} INFO - Processing file /home/louis/GamingDataPipeline/dags/etl_dag.py for tasks to queue
[2024-06-05T22:37:14.904+0200] {logging_mixin.py:188} INFO - [2024-06-05T22:37:14.903+0200] {dagbag.py:540} INFO - Filling up the DagBag from /home/louis/GamingDataPipeline/dags/etl_dag.py
[2024-06-05T22:37:15.028+0200] {processor.py:840} INFO - DAG(s) 'fetch_top_games' retrieved from /home/louis/GamingDataPipeline/dags/etl_dag.py
[2024-06-05T22:37:15.214+0200] {logging_mixin.py:188} INFO - [2024-06-05T22:37:15.214+0200] {dag.py:3096} INFO - Sync 1 DAGs
[2024-06-05T22:37:15.358+0200] {logging_mixin.py:188} INFO - [2024-06-05T22:37:15.358+0200] {dag.py:3954} INFO - Setting next_dagrun for fetch_top_games to 2024-06-05 00:00:00+00:00, run_after=2024-06-06 00:00:00+00:00
[2024-06-05T22:37:15.571+0200] {processor.py:183} INFO - Processing /home/louis/GamingDataPipeline/dags/etl_dag.py took 0.684 seconds
[2024-06-05T22:37:50.807+0200] {processor.py:161} INFO - Started process (PID=53830) to work on /home/louis/GamingDataPipeline/dags/etl_dag.py
[2024-06-05T22:37:50.809+0200] {processor.py:830} INFO - Processing file /home/louis/GamingDataPipeline/dags/etl_dag.py for tasks to queue
[2024-06-05T22:37:50.812+0200] {logging_mixin.py:188} INFO - [2024-06-05T22:37:50.812+0200] {dagbag.py:540} INFO - Filling up the DagBag from /home/louis/GamingDataPipeline/dags/etl_dag.py
[2024-06-05T22:37:50.907+0200] {processor.py:840} INFO - DAG(s) 'fetch_top_games' retrieved from /home/louis/GamingDataPipeline/dags/etl_dag.py
[2024-06-05T22:37:50.939+0200] {logging_mixin.py:188} INFO - [2024-06-05T22:37:50.938+0200] {dag.py:3096} INFO - Sync 1 DAGs
[2024-06-05T22:37:50.972+0200] {logging_mixin.py:188} INFO - [2024-06-05T22:37:50.972+0200] {dag.py:3954} INFO - Setting next_dagrun for fetch_top_games to 2024-06-05 00:00:00+00:00, run_after=2024-06-06 00:00:00+00:00
[2024-06-05T22:37:51.007+0200] {processor.py:183} INFO - Processing /home/louis/GamingDataPipeline/dags/etl_dag.py took 0.209 seconds
[2024-06-05T22:38:21.562+0200] {processor.py:161} INFO - Started process (PID=54343) to work on /home/louis/GamingDataPipeline/dags/etl_dag.py
[2024-06-05T22:38:21.573+0200] {processor.py:830} INFO - Processing file /home/louis/GamingDataPipeline/dags/etl_dag.py for tasks to queue
[2024-06-05T22:38:21.584+0200] {logging_mixin.py:188} INFO - [2024-06-05T22:38:21.582+0200] {dagbag.py:540} INFO - Filling up the DagBag from /home/louis/GamingDataPipeline/dags/etl_dag.py
[2024-06-05T22:38:21.705+0200] {processor.py:840} INFO - DAG(s) 'fetch_top_games' retrieved from /home/louis/GamingDataPipeline/dags/etl_dag.py
[2024-06-05T22:38:21.733+0200] {logging_mixin.py:188} INFO - [2024-06-05T22:38:21.733+0200] {dag.py:3096} INFO - Sync 1 DAGs
[2024-06-05T22:38:21.754+0200] {logging_mixin.py:188} INFO - [2024-06-05T22:38:21.754+0200] {dag.py:3954} INFO - Setting next_dagrun for fetch_top_games to 2024-06-05 00:00:00+00:00, run_after=2024-06-06 00:00:00+00:00
[2024-06-05T22:38:21.789+0200] {processor.py:183} INFO - Processing /home/louis/GamingDataPipeline/dags/etl_dag.py took 0.258 seconds
[2024-06-05T22:38:52.260+0200] {processor.py:161} INFO - Started process (PID=54659) to work on /home/louis/GamingDataPipeline/dags/etl_dag.py
[2024-06-05T22:38:52.263+0200] {processor.py:830} INFO - Processing file /home/louis/GamingDataPipeline/dags/etl_dag.py for tasks to queue
[2024-06-05T22:38:52.266+0200] {logging_mixin.py:188} INFO - [2024-06-05T22:38:52.266+0200] {dagbag.py:540} INFO - Filling up the DagBag from /home/louis/GamingDataPipeline/dags/etl_dag.py
[2024-06-05T22:38:52.353+0200] {processor.py:840} INFO - DAG(s) 'fetch_top_games' retrieved from /home/louis/GamingDataPipeline/dags/etl_dag.py
[2024-06-05T22:38:52.388+0200] {logging_mixin.py:188} INFO - [2024-06-05T22:38:52.388+0200] {dag.py:3096} INFO - Sync 1 DAGs
[2024-06-05T22:38:52.410+0200] {logging_mixin.py:188} INFO - [2024-06-05T22:38:52.409+0200] {dag.py:3954} INFO - Setting next_dagrun for fetch_top_games to 2024-06-05 00:00:00+00:00, run_after=2024-06-06 00:00:00+00:00
[2024-06-05T22:38:52.451+0200] {processor.py:183} INFO - Processing /home/louis/GamingDataPipeline/dags/etl_dag.py took 0.209 seconds
[2024-06-05T22:53:04.649+0200] {processor.py:161} INFO - Started process (PID=59801) to work on /home/louis/GamingDataPipeline/dags/etl_dag.py
[2024-06-05T22:53:04.652+0200] {processor.py:830} INFO - Processing file /home/louis/GamingDataPipeline/dags/etl_dag.py for tasks to queue
[2024-06-05T22:53:04.653+0200] {logging_mixin.py:188} INFO - [2024-06-05T22:53:04.653+0200] {dagbag.py:540} INFO - Filling up the DagBag from /home/louis/GamingDataPipeline/dags/etl_dag.py
[2024-06-05T22:53:04.733+0200] {processor.py:840} INFO - DAG(s) 'fetch_top_games' retrieved from /home/louis/GamingDataPipeline/dags/etl_dag.py
[2024-06-05T22:53:04.741+0200] {logging_mixin.py:188} INFO - [2024-06-05T22:53:04.740+0200] {dag.py:3096} INFO - Sync 1 DAGs
[2024-06-05T22:53:04.761+0200] {logging_mixin.py:188} INFO - [2024-06-05T22:53:04.761+0200] {dag.py:3954} INFO - Setting next_dagrun for fetch_top_games to 2024-06-05 00:00:00+00:00, run_after=2024-06-06 00:00:00+00:00
[2024-06-05T22:53:04.793+0200] {processor.py:183} INFO - Processing /home/louis/GamingDataPipeline/dags/etl_dag.py took 0.155 seconds
[2024-06-05T22:53:35.233+0200] {processor.py:161} INFO - Started process (PID=60243) to work on /home/louis/GamingDataPipeline/dags/etl_dag.py
[2024-06-05T22:53:35.236+0200] {processor.py:830} INFO - Processing file /home/louis/GamingDataPipeline/dags/etl_dag.py for tasks to queue
[2024-06-05T22:53:35.238+0200] {logging_mixin.py:188} INFO - [2024-06-05T22:53:35.238+0200] {dagbag.py:540} INFO - Filling up the DagBag from /home/louis/GamingDataPipeline/dags/etl_dag.py
[2024-06-05T22:53:35.336+0200] {processor.py:840} INFO - DAG(s) 'fetch_top_games' retrieved from /home/louis/GamingDataPipeline/dags/etl_dag.py
[2024-06-05T22:53:35.452+0200] {logging_mixin.py:188} INFO - [2024-06-05T22:53:35.452+0200] {dag.py:3096} INFO - Sync 1 DAGs
[2024-06-05T22:53:35.604+0200] {logging_mixin.py:188} INFO - [2024-06-05T22:53:35.603+0200] {dag.py:3954} INFO - Setting next_dagrun for fetch_top_games to 2024-06-05 00:00:00+00:00, run_after=2024-06-06 00:00:00+00:00
[2024-06-05T22:53:35.638+0200] {processor.py:183} INFO - Processing /home/louis/GamingDataPipeline/dags/etl_dag.py took 0.420 seconds
[2024-06-05T22:54:05.909+0200] {processor.py:161} INFO - Started process (PID=60634) to work on /home/louis/GamingDataPipeline/dags/etl_dag.py
[2024-06-05T22:54:05.912+0200] {processor.py:830} INFO - Processing file /home/louis/GamingDataPipeline/dags/etl_dag.py for tasks to queue
[2024-06-05T22:54:05.915+0200] {logging_mixin.py:188} INFO - [2024-06-05T22:54:05.914+0200] {dagbag.py:540} INFO - Filling up the DagBag from /home/louis/GamingDataPipeline/dags/etl_dag.py
[2024-06-05T22:54:05.991+0200] {processor.py:840} INFO - DAG(s) 'fetch_top_games' retrieved from /home/louis/GamingDataPipeline/dags/etl_dag.py
[2024-06-05T22:54:06.016+0200] {logging_mixin.py:188} INFO - [2024-06-05T22:54:06.016+0200] {dag.py:3096} INFO - Sync 1 DAGs
[2024-06-05T22:54:06.041+0200] {logging_mixin.py:188} INFO - [2024-06-05T22:54:06.041+0200] {dag.py:3954} INFO - Setting next_dagrun for fetch_top_games to 2024-06-05 00:00:00+00:00, run_after=2024-06-06 00:00:00+00:00
[2024-06-05T22:54:06.081+0200] {processor.py:183} INFO - Processing /home/louis/GamingDataPipeline/dags/etl_dag.py took 0.190 seconds
[2024-06-05T22:54:37.084+0200] {processor.py:161} INFO - Started process (PID=60808) to work on /home/louis/GamingDataPipeline/dags/etl_dag.py
[2024-06-05T22:54:37.087+0200] {processor.py:830} INFO - Processing file /home/louis/GamingDataPipeline/dags/etl_dag.py for tasks to queue
[2024-06-05T22:54:37.090+0200] {logging_mixin.py:188} INFO - [2024-06-05T22:54:37.089+0200] {dagbag.py:540} INFO - Filling up the DagBag from /home/louis/GamingDataPipeline/dags/etl_dag.py
[2024-06-05T22:54:37.170+0200] {processor.py:840} INFO - DAG(s) 'fetch_top_games' retrieved from /home/louis/GamingDataPipeline/dags/etl_dag.py
[2024-06-05T22:54:37.191+0200] {logging_mixin.py:188} INFO - [2024-06-05T22:54:37.190+0200] {dag.py:3096} INFO - Sync 1 DAGs
[2024-06-05T22:54:37.211+0200] {logging_mixin.py:188} INFO - [2024-06-05T22:54:37.211+0200] {dag.py:3954} INFO - Setting next_dagrun for fetch_top_games to 2024-06-05 00:00:00+00:00, run_after=2024-06-06 00:00:00+00:00
[2024-06-05T22:54:37.241+0200] {processor.py:183} INFO - Processing /home/louis/GamingDataPipeline/dags/etl_dag.py took 0.176 seconds
[2024-06-05T22:55:08.223+0200] {processor.py:161} INFO - Started process (PID=60985) to work on /home/louis/GamingDataPipeline/dags/etl_dag.py
[2024-06-05T22:55:08.224+0200] {processor.py:830} INFO - Processing file /home/louis/GamingDataPipeline/dags/etl_dag.py for tasks to queue
[2024-06-05T22:55:08.226+0200] {logging_mixin.py:188} INFO - [2024-06-05T22:55:08.226+0200] {dagbag.py:540} INFO - Filling up the DagBag from /home/louis/GamingDataPipeline/dags/etl_dag.py
[2024-06-05T22:55:08.293+0200] {processor.py:840} INFO - DAG(s) 'fetch_top_games' retrieved from /home/louis/GamingDataPipeline/dags/etl_dag.py
[2024-06-05T22:55:08.317+0200] {logging_mixin.py:188} INFO - [2024-06-05T22:55:08.316+0200] {dag.py:3096} INFO - Sync 1 DAGs
[2024-06-05T22:55:08.336+0200] {logging_mixin.py:188} INFO - [2024-06-05T22:55:08.335+0200] {dag.py:3954} INFO - Setting next_dagrun for fetch_top_games to 2024-06-05 00:00:00+00:00, run_after=2024-06-06 00:00:00+00:00
[2024-06-05T22:55:08.369+0200] {processor.py:183} INFO - Processing /home/louis/GamingDataPipeline/dags/etl_dag.py took 0.153 seconds
[2024-06-05T22:55:38.474+0200] {processor.py:161} INFO - Started process (PID=61194) to work on /home/louis/GamingDataPipeline/dags/etl_dag.py
[2024-06-05T22:55:38.477+0200] {processor.py:830} INFO - Processing file /home/louis/GamingDataPipeline/dags/etl_dag.py for tasks to queue
[2024-06-05T22:55:38.480+0200] {logging_mixin.py:188} INFO - [2024-06-05T22:55:38.479+0200] {dagbag.py:540} INFO - Filling up the DagBag from /home/louis/GamingDataPipeline/dags/etl_dag.py
[2024-06-05T22:55:38.546+0200] {processor.py:840} INFO - DAG(s) 'fetch_top_games' retrieved from /home/louis/GamingDataPipeline/dags/etl_dag.py
[2024-06-05T22:55:38.567+0200] {logging_mixin.py:188} INFO - [2024-06-05T22:55:38.567+0200] {dag.py:3096} INFO - Sync 1 DAGs
[2024-06-05T22:55:38.585+0200] {logging_mixin.py:188} INFO - [2024-06-05T22:55:38.584+0200] {dag.py:3954} INFO - Setting next_dagrun for fetch_top_games to 2024-06-05 00:00:00+00:00, run_after=2024-06-06 00:00:00+00:00
[2024-06-05T22:55:38.627+0200] {processor.py:183} INFO - Processing /home/louis/GamingDataPipeline/dags/etl_dag.py took 0.181 seconds
[2024-06-05T22:56:08.850+0200] {processor.py:161} INFO - Started process (PID=61457) to work on /home/louis/GamingDataPipeline/dags/etl_dag.py
[2024-06-05T22:56:08.851+0200] {processor.py:830} INFO - Processing file /home/louis/GamingDataPipeline/dags/etl_dag.py for tasks to queue
[2024-06-05T22:56:08.853+0200] {logging_mixin.py:188} INFO - [2024-06-05T22:56:08.853+0200] {dagbag.py:540} INFO - Filling up the DagBag from /home/louis/GamingDataPipeline/dags/etl_dag.py
[2024-06-05T22:56:08.920+0200] {processor.py:840} INFO - DAG(s) 'fetch_top_games' retrieved from /home/louis/GamingDataPipeline/dags/etl_dag.py
[2024-06-05T22:56:08.941+0200] {logging_mixin.py:188} INFO - [2024-06-05T22:56:08.940+0200] {dag.py:3096} INFO - Sync 1 DAGs
[2024-06-05T22:56:08.958+0200] {logging_mixin.py:188} INFO - [2024-06-05T22:56:08.958+0200] {dag.py:3954} INFO - Setting next_dagrun for fetch_top_games to 2024-06-05 00:00:00+00:00, run_after=2024-06-06 00:00:00+00:00
[2024-06-05T22:56:09.003+0200] {processor.py:183} INFO - Processing /home/louis/GamingDataPipeline/dags/etl_dag.py took 0.162 seconds
[2024-06-05T22:56:39.263+0200] {processor.py:161} INFO - Started process (PID=61668) to work on /home/louis/GamingDataPipeline/dags/etl_dag.py
[2024-06-05T22:56:39.265+0200] {processor.py:830} INFO - Processing file /home/louis/GamingDataPipeline/dags/etl_dag.py for tasks to queue
[2024-06-05T22:56:39.268+0200] {logging_mixin.py:188} INFO - [2024-06-05T22:56:39.268+0200] {dagbag.py:540} INFO - Filling up the DagBag from /home/louis/GamingDataPipeline/dags/etl_dag.py
[2024-06-05T22:56:39.357+0200] {processor.py:840} INFO - DAG(s) 'fetch_top_games' retrieved from /home/louis/GamingDataPipeline/dags/etl_dag.py
[2024-06-05T22:56:39.380+0200] {logging_mixin.py:188} INFO - [2024-06-05T22:56:39.380+0200] {dag.py:3096} INFO - Sync 1 DAGs
[2024-06-05T22:56:39.402+0200] {logging_mixin.py:188} INFO - [2024-06-05T22:56:39.402+0200] {dag.py:3954} INFO - Setting next_dagrun for fetch_top_games to 2024-06-05 00:00:00+00:00, run_after=2024-06-06 00:00:00+00:00
[2024-06-05T22:56:39.448+0200] {processor.py:183} INFO - Processing /home/louis/GamingDataPipeline/dags/etl_dag.py took 0.194 seconds
[2024-06-05T22:57:09.598+0200] {processor.py:161} INFO - Started process (PID=61992) to work on /home/louis/GamingDataPipeline/dags/etl_dag.py
[2024-06-05T22:57:09.599+0200] {processor.py:830} INFO - Processing file /home/louis/GamingDataPipeline/dags/etl_dag.py for tasks to queue
[2024-06-05T22:57:09.602+0200] {logging_mixin.py:188} INFO - [2024-06-05T22:57:09.601+0200] {dagbag.py:540} INFO - Filling up the DagBag from /home/louis/GamingDataPipeline/dags/etl_dag.py
[2024-06-05T22:57:09.670+0200] {processor.py:840} INFO - DAG(s) 'fetch_top_games' retrieved from /home/louis/GamingDataPipeline/dags/etl_dag.py
[2024-06-05T22:57:09.692+0200] {logging_mixin.py:188} INFO - [2024-06-05T22:57:09.692+0200] {dag.py:3096} INFO - Sync 1 DAGs
[2024-06-05T22:57:09.712+0200] {logging_mixin.py:188} INFO - [2024-06-05T22:57:09.711+0200] {dag.py:3954} INFO - Setting next_dagrun for fetch_top_games to 2024-06-05 00:00:00+00:00, run_after=2024-06-06 00:00:00+00:00
[2024-06-05T22:57:09.739+0200] {processor.py:183} INFO - Processing /home/louis/GamingDataPipeline/dags/etl_dag.py took 0.152 seconds
[2024-06-05T22:57:40.042+0200] {processor.py:161} INFO - Started process (PID=62261) to work on /home/louis/GamingDataPipeline/dags/etl_dag.py
[2024-06-05T22:57:40.051+0200] {processor.py:830} INFO - Processing file /home/louis/GamingDataPipeline/dags/etl_dag.py for tasks to queue
[2024-06-05T22:57:40.066+0200] {logging_mixin.py:188} INFO - [2024-06-05T22:57:40.064+0200] {dagbag.py:540} INFO - Filling up the DagBag from /home/louis/GamingDataPipeline/dags/etl_dag.py
[2024-06-05T22:57:40.171+0200] {processor.py:840} INFO - DAG(s) 'fetch_top_games' retrieved from /home/louis/GamingDataPipeline/dags/etl_dag.py
[2024-06-05T22:57:40.203+0200] {logging_mixin.py:188} INFO - [2024-06-05T22:57:40.203+0200] {dag.py:3096} INFO - Sync 1 DAGs
[2024-06-05T22:57:40.228+0200] {logging_mixin.py:188} INFO - [2024-06-05T22:57:40.228+0200] {dag.py:3954} INFO - Setting next_dagrun for fetch_top_games to 2024-06-05 00:00:00+00:00, run_after=2024-06-06 00:00:00+00:00
[2024-06-05T22:57:40.402+0200] {processor.py:183} INFO - Processing /home/louis/GamingDataPipeline/dags/etl_dag.py took 0.389 seconds
[2024-06-05T22:58:10.584+0200] {processor.py:161} INFO - Started process (PID=62546) to work on /home/louis/GamingDataPipeline/dags/etl_dag.py
[2024-06-05T22:58:10.591+0200] {processor.py:830} INFO - Processing file /home/louis/GamingDataPipeline/dags/etl_dag.py for tasks to queue
[2024-06-05T22:58:10.594+0200] {logging_mixin.py:188} INFO - [2024-06-05T22:58:10.593+0200] {dagbag.py:540} INFO - Filling up the DagBag from /home/louis/GamingDataPipeline/dags/etl_dag.py
[2024-06-05T22:58:10.669+0200] {processor.py:840} INFO - DAG(s) 'fetch_top_games' retrieved from /home/louis/GamingDataPipeline/dags/etl_dag.py
[2024-06-05T22:58:10.691+0200] {logging_mixin.py:188} INFO - [2024-06-05T22:58:10.691+0200] {dag.py:3096} INFO - Sync 1 DAGs
[2024-06-05T22:58:10.804+0200] {logging_mixin.py:188} INFO - [2024-06-05T22:58:10.804+0200] {dag.py:3954} INFO - Setting next_dagrun for fetch_top_games to 2024-06-05 00:00:00+00:00, run_after=2024-06-06 00:00:00+00:00
[2024-06-05T22:58:10.834+0200] {processor.py:183} INFO - Processing /home/louis/GamingDataPipeline/dags/etl_dag.py took 0.261 seconds
[2024-06-05T22:58:41.025+0200] {processor.py:161} INFO - Started process (PID=62716) to work on /home/louis/GamingDataPipeline/dags/etl_dag.py
[2024-06-05T22:58:41.027+0200] {processor.py:830} INFO - Processing file /home/louis/GamingDataPipeline/dags/etl_dag.py for tasks to queue
[2024-06-05T22:58:41.030+0200] {logging_mixin.py:188} INFO - [2024-06-05T22:58:41.029+0200] {dagbag.py:540} INFO - Filling up the DagBag from /home/louis/GamingDataPipeline/dags/etl_dag.py
[2024-06-05T22:58:41.098+0200] {processor.py:840} INFO - DAG(s) 'fetch_top_games' retrieved from /home/louis/GamingDataPipeline/dags/etl_dag.py
[2024-06-05T22:58:41.120+0200] {logging_mixin.py:188} INFO - [2024-06-05T22:58:41.120+0200] {dag.py:3096} INFO - Sync 1 DAGs
[2024-06-05T22:58:41.237+0200] {logging_mixin.py:188} INFO - [2024-06-05T22:58:41.237+0200] {dag.py:3954} INFO - Setting next_dagrun for fetch_top_games to 2024-06-05 00:00:00+00:00, run_after=2024-06-06 00:00:00+00:00
[2024-06-05T22:58:41.272+0200] {processor.py:183} INFO - Processing /home/louis/GamingDataPipeline/dags/etl_dag.py took 0.259 seconds
[2024-06-05T22:59:11.522+0200] {processor.py:161} INFO - Started process (PID=63005) to work on /home/louis/GamingDataPipeline/dags/etl_dag.py
[2024-06-05T22:59:11.529+0200] {processor.py:830} INFO - Processing file /home/louis/GamingDataPipeline/dags/etl_dag.py for tasks to queue
[2024-06-05T22:59:11.532+0200] {logging_mixin.py:188} INFO - [2024-06-05T22:59:11.531+0200] {dagbag.py:540} INFO - Filling up the DagBag from /home/louis/GamingDataPipeline/dags/etl_dag.py
[2024-06-05T22:59:11.599+0200] {processor.py:840} INFO - DAG(s) 'fetch_top_games' retrieved from /home/louis/GamingDataPipeline/dags/etl_dag.py
[2024-06-05T22:59:11.621+0200] {logging_mixin.py:188} INFO - [2024-06-05T22:59:11.621+0200] {dag.py:3096} INFO - Sync 1 DAGs
[2024-06-05T22:59:11.738+0200] {logging_mixin.py:188} INFO - [2024-06-05T22:59:11.738+0200] {dag.py:3954} INFO - Setting next_dagrun for fetch_top_games to 2024-06-05 00:00:00+00:00, run_after=2024-06-06 00:00:00+00:00
[2024-06-05T22:59:11.772+0200] {processor.py:183} INFO - Processing /home/louis/GamingDataPipeline/dags/etl_dag.py took 0.264 seconds
[2024-06-05T22:59:42.022+0200] {processor.py:161} INFO - Started process (PID=63354) to work on /home/louis/GamingDataPipeline/dags/etl_dag.py
[2024-06-05T22:59:42.025+0200] {processor.py:830} INFO - Processing file /home/louis/GamingDataPipeline/dags/etl_dag.py for tasks to queue
[2024-06-05T22:59:42.028+0200] {logging_mixin.py:188} INFO - [2024-06-05T22:59:42.027+0200] {dagbag.py:540} INFO - Filling up the DagBag from /home/louis/GamingDataPipeline/dags/etl_dag.py
[2024-06-05T22:59:42.387+0200] {processor.py:840} INFO - DAG(s) 'fetch_top_games' retrieved from /home/louis/GamingDataPipeline/dags/etl_dag.py
[2024-06-05T22:59:42.910+0200] {logging_mixin.py:188} INFO - [2024-06-05T22:59:42.910+0200] {dag.py:3096} INFO - Sync 1 DAGs
[2024-06-05T22:59:42.932+0200] {logging_mixin.py:188} INFO - [2024-06-05T22:59:42.931+0200] {dag.py:3954} INFO - Setting next_dagrun for fetch_top_games to 2024-06-05 00:00:00+00:00, run_after=2024-06-06 00:00:00+00:00
[2024-06-05T22:59:42.966+0200] {processor.py:183} INFO - Processing /home/louis/GamingDataPipeline/dags/etl_dag.py took 0.956 seconds
[2024-06-05T23:00:14.332+0200] {processor.py:161} INFO - Started process (PID=63573) to work on /home/louis/GamingDataPipeline/dags/etl_dag.py
[2024-06-05T23:00:14.335+0200] {processor.py:830} INFO - Processing file /home/louis/GamingDataPipeline/dags/etl_dag.py for tasks to queue
[2024-06-05T23:00:14.355+0200] {logging_mixin.py:188} INFO - [2024-06-05T23:00:14.352+0200] {dagbag.py:540} INFO - Filling up the DagBag from /home/louis/GamingDataPipeline/dags/etl_dag.py
[2024-06-05T23:00:14.647+0200] {processor.py:840} INFO - DAG(s) 'fetch_top_games' retrieved from /home/louis/GamingDataPipeline/dags/etl_dag.py
[2024-06-05T23:00:15.464+0200] {logging_mixin.py:188} INFO - [2024-06-05T23:00:15.463+0200] {dag.py:3096} INFO - Sync 1 DAGs
[2024-06-05T23:00:15.552+0200] {logging_mixin.py:188} INFO - [2024-06-05T23:00:15.552+0200] {dag.py:3954} INFO - Setting next_dagrun for fetch_top_games to 2024-06-05 00:00:00+00:00, run_after=2024-06-06 00:00:00+00:00
[2024-06-05T23:00:15.614+0200] {processor.py:183} INFO - Processing /home/louis/GamingDataPipeline/dags/etl_dag.py took 1.429 seconds
[2024-06-05T23:00:45.903+0200] {processor.py:161} INFO - Started process (PID=63816) to work on /home/louis/GamingDataPipeline/dags/etl_dag.py
[2024-06-05T23:00:45.906+0200] {processor.py:830} INFO - Processing file /home/louis/GamingDataPipeline/dags/etl_dag.py for tasks to queue
[2024-06-05T23:00:45.960+0200] {logging_mixin.py:188} INFO - [2024-06-05T23:00:45.957+0200] {dagbag.py:540} INFO - Filling up the DagBag from /home/louis/GamingDataPipeline/dags/etl_dag.py
[2024-06-05T23:00:46.407+0200] {processor.py:840} INFO - DAG(s) 'fetch_top_games' retrieved from /home/louis/GamingDataPipeline/dags/etl_dag.py
[2024-06-05T23:00:47.660+0200] {logging_mixin.py:188} INFO - [2024-06-05T23:00:47.659+0200] {dag.py:3096} INFO - Sync 1 DAGs
[2024-06-05T23:00:47.700+0200] {logging_mixin.py:188} INFO - [2024-06-05T23:00:47.700+0200] {dag.py:3954} INFO - Setting next_dagrun for fetch_top_games to 2024-06-05 00:00:00+00:00, run_after=2024-06-06 00:00:00+00:00
[2024-06-05T23:00:48.446+0200] {processor.py:183} INFO - Processing /home/louis/GamingDataPipeline/dags/etl_dag.py took 2.576 seconds
[2024-06-05T23:01:19.663+0200] {processor.py:161} INFO - Started process (PID=64151) to work on /home/louis/GamingDataPipeline/dags/etl_dag.py
[2024-06-05T23:01:19.679+0200] {processor.py:830} INFO - Processing file /home/louis/GamingDataPipeline/dags/etl_dag.py for tasks to queue
[2024-06-05T23:01:19.685+0200] {logging_mixin.py:188} INFO - [2024-06-05T23:01:19.684+0200] {dagbag.py:540} INFO - Filling up the DagBag from /home/louis/GamingDataPipeline/dags/etl_dag.py
[2024-06-05T23:01:20.422+0200] {processor.py:840} INFO - DAG(s) 'fetch_top_games' retrieved from /home/louis/GamingDataPipeline/dags/etl_dag.py
[2024-06-05T23:01:20.463+0200] {logging_mixin.py:188} INFO - [2024-06-05T23:01:20.462+0200] {dag.py:3096} INFO - Sync 1 DAGs
[2024-06-05T23:01:20.503+0200] {logging_mixin.py:188} INFO - [2024-06-05T23:01:20.503+0200] {dag.py:3954} INFO - Setting next_dagrun for fetch_top_games to 2024-06-05 00:00:00+00:00, run_after=2024-06-06 00:00:00+00:00
[2024-06-05T23:01:20.563+0200] {processor.py:183} INFO - Processing /home/louis/GamingDataPipeline/dags/etl_dag.py took 0.921 seconds
[2024-06-05T23:01:50.897+0200] {processor.py:161} INFO - Started process (PID=64421) to work on /home/louis/GamingDataPipeline/dags/etl_dag.py
[2024-06-05T23:01:50.899+0200] {processor.py:830} INFO - Processing file /home/louis/GamingDataPipeline/dags/etl_dag.py for tasks to queue
[2024-06-05T23:01:50.902+0200] {logging_mixin.py:188} INFO - [2024-06-05T23:01:50.901+0200] {dagbag.py:540} INFO - Filling up the DagBag from /home/louis/GamingDataPipeline/dags/etl_dag.py
[2024-06-05T23:01:51.828+0200] {processor.py:840} INFO - DAG(s) 'fetch_top_games' retrieved from /home/louis/GamingDataPipeline/dags/etl_dag.py
[2024-06-05T23:01:51.853+0200] {logging_mixin.py:188} INFO - [2024-06-05T23:01:51.852+0200] {dag.py:3096} INFO - Sync 1 DAGs
[2024-06-05T23:01:51.881+0200] {logging_mixin.py:188} INFO - [2024-06-05T23:01:51.881+0200] {dag.py:3954} INFO - Setting next_dagrun for fetch_top_games to 2024-06-05 00:00:00+00:00, run_after=2024-06-06 00:00:00+00:00
[2024-06-05T23:01:51.987+0200] {processor.py:183} INFO - Processing /home/louis/GamingDataPipeline/dags/etl_dag.py took 1.115 seconds
[2024-06-05T23:02:22.270+0200] {processor.py:161} INFO - Started process (PID=64593) to work on /home/louis/GamingDataPipeline/dags/etl_dag.py
[2024-06-05T23:02:22.274+0200] {processor.py:830} INFO - Processing file /home/louis/GamingDataPipeline/dags/etl_dag.py for tasks to queue
[2024-06-05T23:02:22.283+0200] {logging_mixin.py:188} INFO - [2024-06-05T23:02:22.280+0200] {dagbag.py:540} INFO - Filling up the DagBag from /home/louis/GamingDataPipeline/dags/etl_dag.py
[2024-06-05T23:02:22.811+0200] {processor.py:840} INFO - DAG(s) 'fetch_top_games' retrieved from /home/louis/GamingDataPipeline/dags/etl_dag.py
[2024-06-05T23:02:22.854+0200] {logging_mixin.py:188} INFO - [2024-06-05T23:02:22.853+0200] {dag.py:3096} INFO - Sync 1 DAGs
[2024-06-05T23:02:22.877+0200] {logging_mixin.py:188} INFO - [2024-06-05T23:02:22.877+0200] {dag.py:3954} INFO - Setting next_dagrun for fetch_top_games to 2024-06-05 00:00:00+00:00, run_after=2024-06-06 00:00:00+00:00
[2024-06-05T23:02:22.928+0200] {processor.py:183} INFO - Processing /home/louis/GamingDataPipeline/dags/etl_dag.py took 0.683 seconds
[2024-06-05T23:02:53.181+0200] {processor.py:161} INFO - Started process (PID=64765) to work on /home/louis/GamingDataPipeline/dags/etl_dag.py
[2024-06-05T23:02:53.193+0200] {processor.py:830} INFO - Processing file /home/louis/GamingDataPipeline/dags/etl_dag.py for tasks to queue
[2024-06-05T23:02:53.199+0200] {logging_mixin.py:188} INFO - [2024-06-05T23:02:53.198+0200] {dagbag.py:540} INFO - Filling up the DagBag from /home/louis/GamingDataPipeline/dags/etl_dag.py
[2024-06-05T23:02:53.423+0200] {processor.py:840} INFO - DAG(s) 'fetch_top_games' retrieved from /home/louis/GamingDataPipeline/dags/etl_dag.py
[2024-06-05T23:02:53.463+0200] {logging_mixin.py:188} INFO - [2024-06-05T23:02:53.463+0200] {dag.py:3096} INFO - Sync 1 DAGs
[2024-06-05T23:02:53.487+0200] {logging_mixin.py:188} INFO - [2024-06-05T23:02:53.486+0200] {dag.py:3954} INFO - Setting next_dagrun for fetch_top_games to 2024-06-05 00:00:00+00:00, run_after=2024-06-06 00:00:00+00:00
[2024-06-05T23:02:53.516+0200] {processor.py:183} INFO - Processing /home/louis/GamingDataPipeline/dags/etl_dag.py took 0.357 seconds
[2024-06-05T23:03:23.636+0200] {processor.py:161} INFO - Started process (PID=64979) to work on /home/louis/GamingDataPipeline/dags/etl_dag.py
[2024-06-05T23:03:23.644+0200] {processor.py:830} INFO - Processing file /home/louis/GamingDataPipeline/dags/etl_dag.py for tasks to queue
[2024-06-05T23:03:23.647+0200] {logging_mixin.py:188} INFO - [2024-06-05T23:03:23.647+0200] {dagbag.py:540} INFO - Filling up the DagBag from /home/louis/GamingDataPipeline/dags/etl_dag.py
[2024-06-05T23:03:23.865+0200] {processor.py:840} INFO - DAG(s) 'fetch_top_games' retrieved from /home/louis/GamingDataPipeline/dags/etl_dag.py
[2024-06-05T23:03:23.937+0200] {logging_mixin.py:188} INFO - [2024-06-05T23:03:23.936+0200] {dag.py:3096} INFO - Sync 1 DAGs
[2024-06-05T23:03:23.973+0200] {logging_mixin.py:188} INFO - [2024-06-05T23:03:23.972+0200] {dag.py:3954} INFO - Setting next_dagrun for fetch_top_games to 2024-06-05 00:00:00+00:00, run_after=2024-06-06 00:00:00+00:00
[2024-06-05T23:03:24.024+0200] {processor.py:183} INFO - Processing /home/louis/GamingDataPipeline/dags/etl_dag.py took 0.406 seconds
[2024-06-05T23:03:54.287+0200] {processor.py:161} INFO - Started process (PID=65151) to work on /home/louis/GamingDataPipeline/dags/etl_dag.py
[2024-06-05T23:03:54.290+0200] {processor.py:830} INFO - Processing file /home/louis/GamingDataPipeline/dags/etl_dag.py for tasks to queue
[2024-06-05T23:03:54.294+0200] {logging_mixin.py:188} INFO - [2024-06-05T23:03:54.293+0200] {dagbag.py:540} INFO - Filling up the DagBag from /home/louis/GamingDataPipeline/dags/etl_dag.py
[2024-06-05T23:03:54.527+0200] {processor.py:840} INFO - DAG(s) 'fetch_top_games' retrieved from /home/louis/GamingDataPipeline/dags/etl_dag.py
[2024-06-05T23:03:54.557+0200] {logging_mixin.py:188} INFO - [2024-06-05T23:03:54.556+0200] {dag.py:3096} INFO - Sync 1 DAGs
[2024-06-05T23:03:54.575+0200] {logging_mixin.py:188} INFO - [2024-06-05T23:03:54.574+0200] {dag.py:3954} INFO - Setting next_dagrun for fetch_top_games to 2024-06-05 00:00:00+00:00, run_after=2024-06-06 00:00:00+00:00
[2024-06-05T23:03:54.615+0200] {processor.py:183} INFO - Processing /home/louis/GamingDataPipeline/dags/etl_dag.py took 0.343 seconds
[2024-06-05T23:04:29.500+0200] {processor.py:161} INFO - Started process (PID=65531) to work on /home/louis/GamingDataPipeline/dags/etl_dag.py
[2024-06-05T23:04:29.503+0200] {processor.py:830} INFO - Processing file /home/louis/GamingDataPipeline/dags/etl_dag.py for tasks to queue
[2024-06-05T23:04:29.508+0200] {logging_mixin.py:188} INFO - [2024-06-05T23:04:29.507+0200] {dagbag.py:540} INFO - Filling up the DagBag from /home/louis/GamingDataPipeline/dags/etl_dag.py
[2024-06-05T23:04:29.769+0200] {processor.py:840} INFO - DAG(s) 'fetch_top_games' retrieved from /home/louis/GamingDataPipeline/dags/etl_dag.py
[2024-06-05T23:04:29.790+0200] {logging_mixin.py:188} INFO - [2024-06-05T23:04:29.789+0200] {dag.py:3096} INFO - Sync 1 DAGs
[2024-06-05T23:04:29.824+0200] {logging_mixin.py:188} INFO - [2024-06-05T23:04:29.824+0200] {dag.py:3954} INFO - Setting next_dagrun for fetch_top_games to 2024-06-05 00:00:00+00:00, run_after=2024-06-06 00:00:00+00:00
[2024-06-05T23:04:29.872+0200] {processor.py:183} INFO - Processing /home/louis/GamingDataPipeline/dags/etl_dag.py took 0.389 seconds
[2024-06-05T23:05:01.028+0200] {processor.py:161} INFO - Started process (PID=65789) to work on /home/louis/GamingDataPipeline/dags/etl_dag.py
[2024-06-05T23:05:01.032+0200] {processor.py:830} INFO - Processing file /home/louis/GamingDataPipeline/dags/etl_dag.py for tasks to queue
[2024-06-05T23:05:01.037+0200] {logging_mixin.py:188} INFO - [2024-06-05T23:05:01.036+0200] {dagbag.py:540} INFO - Filling up the DagBag from /home/louis/GamingDataPipeline/dags/etl_dag.py
[2024-06-05T23:05:01.257+0200] {processor.py:840} INFO - DAG(s) 'fetch_top_games' retrieved from /home/louis/GamingDataPipeline/dags/etl_dag.py
[2024-06-05T23:05:01.278+0200] {logging_mixin.py:188} INFO - [2024-06-05T23:05:01.278+0200] {dag.py:3096} INFO - Sync 1 DAGs
[2024-06-05T23:05:01.298+0200] {logging_mixin.py:188} INFO - [2024-06-05T23:05:01.298+0200] {dag.py:3954} INFO - Setting next_dagrun for fetch_top_games to 2024-06-05 00:00:00+00:00, run_after=2024-06-06 00:00:00+00:00
[2024-06-05T23:05:01.331+0200] {processor.py:183} INFO - Processing /home/louis/GamingDataPipeline/dags/etl_dag.py took 0.380 seconds
[2024-06-05T23:05:31.518+0200] {processor.py:161} INFO - Started process (PID=66007) to work on /home/louis/GamingDataPipeline/dags/etl_dag.py
[2024-06-05T23:05:31.525+0200] {processor.py:830} INFO - Processing file /home/louis/GamingDataPipeline/dags/etl_dag.py for tasks to queue
[2024-06-05T23:05:31.529+0200] {logging_mixin.py:188} INFO - [2024-06-05T23:05:31.528+0200] {dagbag.py:540} INFO - Filling up the DagBag from /home/louis/GamingDataPipeline/dags/etl_dag.py
[2024-06-05T23:05:31.725+0200] {processor.py:840} INFO - DAG(s) 'fetch_top_games' retrieved from /home/louis/GamingDataPipeline/dags/etl_dag.py
[2024-06-05T23:05:31.749+0200] {logging_mixin.py:188} INFO - [2024-06-05T23:05:31.748+0200] {dag.py:3096} INFO - Sync 1 DAGs
[2024-06-05T23:05:31.769+0200] {logging_mixin.py:188} INFO - [2024-06-05T23:05:31.769+0200] {dag.py:3954} INFO - Setting next_dagrun for fetch_top_games to 2024-06-05 00:00:00+00:00, run_after=2024-06-06 00:00:00+00:00
[2024-06-05T23:05:31.821+0200] {processor.py:183} INFO - Processing /home/louis/GamingDataPipeline/dags/etl_dag.py took 0.315 seconds
[2024-06-05T23:06:02.066+0200] {processor.py:161} INFO - Started process (PID=66317) to work on /home/louis/GamingDataPipeline/dags/etl_dag.py
[2024-06-05T23:06:02.069+0200] {processor.py:830} INFO - Processing file /home/louis/GamingDataPipeline/dags/etl_dag.py for tasks to queue
[2024-06-05T23:06:02.072+0200] {logging_mixin.py:188} INFO - [2024-06-05T23:06:02.071+0200] {dagbag.py:540} INFO - Filling up the DagBag from /home/louis/GamingDataPipeline/dags/etl_dag.py
[2024-06-05T23:06:02.249+0200] {processor.py:840} INFO - DAG(s) 'fetch_top_games' retrieved from /home/louis/GamingDataPipeline/dags/etl_dag.py
[2024-06-05T23:06:02.271+0200] {logging_mixin.py:188} INFO - [2024-06-05T23:06:02.270+0200] {dag.py:3096} INFO - Sync 1 DAGs
[2024-06-05T23:06:02.289+0200] {logging_mixin.py:188} INFO - [2024-06-05T23:06:02.289+0200] {dag.py:3954} INFO - Setting next_dagrun for fetch_top_games to 2024-06-05 00:00:00+00:00, run_after=2024-06-06 00:00:00+00:00
[2024-06-05T23:06:02.320+0200] {processor.py:183} INFO - Processing /home/louis/GamingDataPipeline/dags/etl_dag.py took 0.270 seconds
[2024-06-05T23:06:32.552+0200] {processor.py:161} INFO - Started process (PID=66818) to work on /home/louis/GamingDataPipeline/dags/etl_dag.py
[2024-06-05T23:06:32.554+0200] {processor.py:830} INFO - Processing file /home/louis/GamingDataPipeline/dags/etl_dag.py for tasks to queue
[2024-06-05T23:06:32.558+0200] {logging_mixin.py:188} INFO - [2024-06-05T23:06:32.558+0200] {dagbag.py:540} INFO - Filling up the DagBag from /home/louis/GamingDataPipeline/dags/etl_dag.py
[2024-06-05T23:06:32.763+0200] {processor.py:840} INFO - DAG(s) 'fetch_top_games' retrieved from /home/louis/GamingDataPipeline/dags/etl_dag.py
[2024-06-05T23:06:32.814+0200] {logging_mixin.py:188} INFO - [2024-06-05T23:06:32.814+0200] {dag.py:3096} INFO - Sync 1 DAGs
[2024-06-05T23:06:32.842+0200] {logging_mixin.py:188} INFO - [2024-06-05T23:06:32.841+0200] {dag.py:3954} INFO - Setting next_dagrun for fetch_top_games to 2024-06-05 00:00:00+00:00, run_after=2024-06-06 00:00:00+00:00
[2024-06-05T23:06:32.881+0200] {processor.py:183} INFO - Processing /home/louis/GamingDataPipeline/dags/etl_dag.py took 0.340 seconds
[2024-06-05T23:07:03.162+0200] {processor.py:161} INFO - Started process (PID=67365) to work on /home/louis/GamingDataPipeline/dags/etl_dag.py
[2024-06-05T23:07:03.172+0200] {processor.py:830} INFO - Processing file /home/louis/GamingDataPipeline/dags/etl_dag.py for tasks to queue
[2024-06-05T23:07:03.176+0200] {logging_mixin.py:188} INFO - [2024-06-05T23:07:03.174+0200] {dagbag.py:540} INFO - Filling up the DagBag from /home/louis/GamingDataPipeline/dags/etl_dag.py
[2024-06-05T23:07:03.254+0200] {processor.py:840} INFO - DAG(s) 'fetch_top_games' retrieved from /home/louis/GamingDataPipeline/dags/etl_dag.py
[2024-06-05T23:07:03.278+0200] {logging_mixin.py:188} INFO - [2024-06-05T23:07:03.278+0200] {dag.py:3096} INFO - Sync 1 DAGs
[2024-06-05T23:07:03.297+0200] {logging_mixin.py:188} INFO - [2024-06-05T23:07:03.297+0200] {dag.py:3954} INFO - Setting next_dagrun for fetch_top_games to 2024-06-05 00:00:00+00:00, run_after=2024-06-06 00:00:00+00:00
[2024-06-05T23:07:03.335+0200] {processor.py:183} INFO - Processing /home/louis/GamingDataPipeline/dags/etl_dag.py took 0.185 seconds
